{"total": {"lines":{"total":17861,"covered":2430,"skipped":0,"pct":13.6},"statements":{"total":17861,"covered":2430,"skipped":0,"pct":13.6},"functions":{"total":197,"covered":167,"skipped":0,"pct":84.77},"branches":{"total":620,"covered":452,"skipped":0,"pct":72.9},"branchesTrue":{"total":0,"covered":0,"skipped":0,"pct":100}}
,"/mnt/d/Tek5/ProjPro/Castium/castium/app/app.vue": {"lines":{"total":7,"covered":7,"skipped":0,"pct":100},"functions":{"total":0,"covered":0,"skipped":0,"pct":100},"statements":{"total":7,"covered":7,"skipped":0,"pct":100},"branches":{"total":0,"covered":0,"skipped":0,"pct":100}}
,"/mnt/d/Tek5/ProjPro/Castium/castium/app/error.vue": {"lines":{"total":9,"covered":9,"skipped":0,"pct":100},"functions":{"total":0,"covered":0,"skipped":0,"pct":100},"statements":{"total":9,"covered":9,"skipped":0,"pct":100},"branches":{"total":0,"covered":0,"skipped":0,"pct":100}}
,"/mnt/d/Tek5/ProjPro/Castium/castium/app/router.options.ts": {"lines":{"total":17,"covered":17,"skipped":0,"pct":100},"functions":{"total":1,"covered":1,"skipped":0,"pct":100},"statements":{"total":17,"covered":17,"skipped":0,"pct":100},"branches":{"total":7,"covered":7,"skipped":0,"pct":100}}
,"/mnt/d/Tek5/ProjPro/Castium/castium/app/components/Footer.vue": {"lines":{"total":64,"covered":64,"skipped":0,"pct":100},"functions":{"total":0,"covered":0,"skipped":0,"pct":100},"statements":{"total":64,"covered":64,"skipped":0,"pct":100},"branches":{"total":2,"covered":2,"skipped":0,"pct":100}}
,"/mnt/d/Tek5/ProjPro/Castium/castium/app/components/GlobalPlayer.vue": {"lines":{"total":253,"covered":248,"skipped":0,"pct":98.02},"functions":{"total":16,"covered":16,"skipped":0,"pct":100},"statements":{"total":253,"covered":248,"skipped":0,"pct":98.02},"branches":{"total":47,"covered":41,"skipped":0,"pct":87.23}}
,"/mnt/d/Tek5/ProjPro/Castium/castium/app/components/LoginForm.vue": {"lines":{"total":38,"covered":38,"skipped":0,"pct":100},"functions":{"total":3,"covered":3,"skipped":0,"pct":100},"statements":{"total":38,"covered":38,"skipped":0,"pct":100},"branches":{"total":6,"covered":6,"skipped":0,"pct":100}}
,"/mnt/d/Tek5/ProjPro/Castium/castium/app/components/Navbar.vue": {"lines":{"total":219,"covered":218,"skipped":0,"pct":99.54},"functions":{"total":5,"covered":4,"skipped":0,"pct":80},"statements":{"total":219,"covered":218,"skipped":0,"pct":99.54},"branches":{"total":54,"covered":37,"skipped":0,"pct":68.51}}
,"/mnt/d/Tek5/ProjPro/Castium/castium/app/components/TestButton.vue": {"lines":{"total":12,"covered":12,"skipped":0,"pct":100},"functions":{"total":1,"covered":1,"skipped":0,"pct":100},"statements":{"total":12,"covered":12,"skipped":0,"pct":100},"branches":{"total":1,"covered":1,"skipped":0,"pct":100}}
,"/mnt/d/Tek5/ProjPro/Castium/castium/app/components/landing/CastiumCard.vue": {"lines":{"total":61,"covered":0,"skipped":0,"pct":0},"functions":{"total":1,"covered":0,"skipped":0,"pct":0},"statements":{"total":61,"covered":0,"skipped":0,"pct":0},"branches":{"total":1,"covered":0,"skipped":0,"pct":0}}
,"/mnt/d/Tek5/ProjPro/Castium/castium/app/components/movies/HeroSection.vue": {"lines":{"total":60,"covered":0,"skipped":0,"pct":0},"functions":{"total":1,"covered":0,"skipped":0,"pct":0},"statements":{"total":60,"covered":0,"skipped":0,"pct":0},"branches":{"total":1,"covered":0,"skipped":0,"pct":0}}
,"/mnt/d/Tek5/ProjPro/Castium/castium/app/components/movies/MovieCard.vue": {"lines":{"total":41,"covered":0,"skipped":0,"pct":0},"functions":{"total":1,"covered":0,"skipped":0,"pct":0},"statements":{"total":41,"covered":0,"skipped":0,"pct":0},"branches":{"total":1,"covered":0,"skipped":0,"pct":0}}
,"/mnt/d/Tek5/ProjPro/Castium/castium/app/components/music/MusicSearchResults.vue": {"lines":{"total":115,"covered":0,"skipped":0,"pct":0},"functions":{"total":1,"covered":0,"skipped":0,"pct":0},"statements":{"total":115,"covered":0,"skipped":0,"pct":0},"branches":{"total":1,"covered":0,"skipped":0,"pct":0}}
,"/mnt/d/Tek5/ProjPro/Castium/castium/app/components/music/PlaylistCard.vue": {"lines":{"total":31,"covered":0,"skipped":0,"pct":0},"functions":{"total":1,"covered":0,"skipped":0,"pct":0},"statements":{"total":31,"covered":0,"skipped":0,"pct":0},"branches":{"total":1,"covered":0,"skipped":0,"pct":0}}
,"/mnt/d/Tek5/ProjPro/Castium/castium/app/components/music/TrackItem.vue": {"lines":{"total":43,"covered":0,"skipped":0,"pct":0},"functions":{"total":1,"covered":0,"skipped":0,"pct":0},"statements":{"total":43,"covered":0,"skipped":0,"pct":0},"branches":{"total":1,"covered":0,"skipped":0,"pct":0}}
,"/mnt/d/Tek5/ProjPro/Castium/castium/app/composables/useAuth.ts": {"lines":{"total":260,"covered":233,"skipped":0,"pct":89.61},"functions":{"total":12,"covered":12,"skipped":0,"pct":100},"statements":{"total":260,"covered":233,"skipped":0,"pct":89.61},"branches":{"total":62,"covered":39,"skipped":0,"pct":62.9}}
,"/mnt/d/Tek5/ProjPro/Castium/castium/app/composables/useCloudMusic.ts": {"lines":{"total":795,"covered":0,"skipped":0,"pct":0},"functions":{"total":1,"covered":1,"skipped":0,"pct":100},"statements":{"total":795,"covered":0,"skipped":0,"pct":0},"branches":{"total":1,"covered":1,"skipped":0,"pct":100}}
,"/mnt/d/Tek5/ProjPro/Castium/castium/app/composables/useCloudPhotos.ts": {"lines":{"total":597,"covered":0,"skipped":0,"pct":0},"functions":{"total":1,"covered":1,"skipped":0,"pct":100},"statements":{"total":597,"covered":0,"skipped":0,"pct":0},"branches":{"total":1,"covered":1,"skipped":0,"pct":100}}
,"/mnt/d/Tek5/ProjPro/Castium/castium/app/composables/useCloudPodcasts.ts": {"lines":{"total":518,"covered":0,"skipped":0,"pct":0},"functions":{"total":1,"covered":1,"skipped":0,"pct":100},"statements":{"total":518,"covered":0,"skipped":0,"pct":0},"branches":{"total":1,"covered":1,"skipped":0,"pct":100}}
,"/mnt/d/Tek5/ProjPro/Castium/castium/app/composables/useCustomStreams.ts": {"lines":{"total":149,"covered":0,"skipped":0,"pct":0},"functions":{"total":1,"covered":0,"skipped":0,"pct":0},"statements":{"total":149,"covered":0,"skipped":0,"pct":0},"branches":{"total":1,"covered":0,"skipped":0,"pct":0}}
,"/mnt/d/Tek5/ProjPro/Castium/castium/app/composables/useDataRefresh.ts": {"lines":{"total":38,"covered":38,"skipped":0,"pct":100},"functions":{"total":4,"covered":4,"skipped":0,"pct":100},"statements":{"total":38,"covered":38,"skipped":0,"pct":100},"branches":{"total":10,"covered":10,"skipped":0,"pct":100}}
,"/mnt/d/Tek5/ProjPro/Castium/castium/app/composables/useGlobalPlayer.ts": {"lines":{"total":309,"covered":278,"skipped":0,"pct":89.96},"functions":{"total":24,"covered":23,"skipped":0,"pct":95.83},"statements":{"total":309,"covered":278,"skipped":0,"pct":89.96},"branches":{"total":74,"covered":59,"skipped":0,"pct":79.72}}
,"/mnt/d/Tek5/ProjPro/Castium/castium/app/composables/useIPTV.ts": {"lines":{"total":420,"covered":0,"skipped":0,"pct":0},"functions":{"total":1,"covered":0,"skipped":0,"pct":0},"statements":{"total":420,"covered":0,"skipped":0,"pct":0},"branches":{"total":1,"covered":0,"skipped":0,"pct":0}}
,"/mnt/d/Tek5/ProjPro/Castium/castium/app/composables/useLocalMusic.ts": {"lines":{"total":917,"covered":0,"skipped":0,"pct":0},"functions":{"total":1,"covered":1,"skipped":0,"pct":100},"statements":{"total":917,"covered":0,"skipped":0,"pct":0},"branches":{"total":1,"covered":1,"skipped":0,"pct":100}}
,"/mnt/d/Tek5/ProjPro/Castium/castium/app/composables/useLocalPhotos.ts": {"lines":{"total":559,"covered":0,"skipped":0,"pct":0},"functions":{"total":1,"covered":1,"skipped":0,"pct":100},"statements":{"total":559,"covered":0,"skipped":0,"pct":0},"branches":{"total":1,"covered":1,"skipped":0,"pct":100}}
,"/mnt/d/Tek5/ProjPro/Castium/castium/app/composables/useLocalPodcasts.ts": {"lines":{"total":515,"covered":0,"skipped":0,"pct":0},"functions":{"total":1,"covered":1,"skipped":0,"pct":100},"statements":{"total":515,"covered":0,"skipped":0,"pct":0},"branches":{"total":1,"covered":1,"skipped":0,"pct":100}}
,"/mnt/d/Tek5/ProjPro/Castium/castium/app/composables/useLocalVideos.ts": {"lines":{"total":451,"covered":0,"skipped":0,"pct":0},"functions":{"total":1,"covered":1,"skipped":0,"pct":100},"statements":{"total":451,"covered":0,"skipped":0,"pct":0},"branches":{"total":1,"covered":1,"skipped":0,"pct":100}}
,"/mnt/d/Tek5/ProjPro/Castium/castium/app/composables/useMovieDetails.ts": {"lines":{"total":37,"covered":36,"skipped":0,"pct":97.29},"functions":{"total":2,"covered":2,"skipped":0,"pct":100},"statements":{"total":37,"covered":36,"skipped":0,"pct":97.29},"branches":{"total":10,"covered":7,"skipped":0,"pct":70}}
,"/mnt/d/Tek5/ProjPro/Castium/castium/app/composables/useMovieViewModel.ts": {"lines":{"total":39,"covered":39,"skipped":0,"pct":100},"functions":{"total":2,"covered":2,"skipped":0,"pct":100},"statements":{"total":39,"covered":39,"skipped":0,"pct":100},"branches":{"total":20,"covered":14,"skipped":0,"pct":70}}
,"/mnt/d/Tek5/ProjPro/Castium/castium/app/composables/useRadio.ts": {"lines":{"total":186,"covered":181,"skipped":0,"pct":97.31},"functions":{"total":10,"covered":10,"skipped":0,"pct":100},"statements":{"total":186,"covered":181,"skipped":0,"pct":97.31},"branches":{"total":55,"covered":46,"skipped":0,"pct":83.63}}
,"/mnt/d/Tek5/ProjPro/Castium/castium/app/composables/useSpotify.ts": {"lines":{"total":255,"covered":234,"skipped":0,"pct":91.76},"functions":{"total":26,"covered":26,"skipped":0,"pct":100},"statements":{"total":255,"covered":234,"skipped":0,"pct":91.76},"branches":{"total":69,"covered":52,"skipped":0,"pct":75.36}}
,"/mnt/d/Tek5/ProjPro/Castium/castium/app/composables/useSupabase.ts": {"lines":{"total":24,"covered":24,"skipped":0,"pct":100},"functions":{"total":1,"covered":1,"skipped":0,"pct":100},"statements":{"total":24,"covered":24,"skipped":0,"pct":100},"branches":{"total":4,"covered":4,"skipped":0,"pct":100}}
,"/mnt/d/Tek5/ProjPro/Castium/castium/app/composables/useTMDB.ts": {"lines":{"total":58,"covered":58,"skipped":0,"pct":100},"functions":{"total":14,"covered":14,"skipped":0,"pct":100},"statements":{"total":58,"covered":58,"skipped":0,"pct":100},"branches":{"total":23,"covered":23,"skipped":0,"pct":100}}
,"/mnt/d/Tek5/ProjPro/Castium/castium/app/composables/useTheme.ts": {"lines":{"total":257,"covered":253,"skipped":0,"pct":98.44},"functions":{"total":8,"covered":8,"skipped":0,"pct":100},"statements":{"total":257,"covered":253,"skipped":0,"pct":98.44},"branches":{"total":15,"covered":12,"skipped":0,"pct":80}}
,"/mnt/d/Tek5/ProjPro/Castium/castium/app/composables/useTmdbLanguage.ts": {"lines":{"total":15,"covered":15,"skipped":0,"pct":100},"functions":{"total":1,"covered":1,"skipped":0,"pct":100},"statements":{"total":15,"covered":15,"skipped":0,"pct":100},"branches":{"total":5,"covered":5,"skipped":0,"pct":100}}
,"/mnt/d/Tek5/ProjPro/Castium/castium/app/composables/useUserDataManagement.ts": {"lines":{"total":223,"covered":0,"skipped":0,"pct":0},"functions":{"total":1,"covered":1,"skipped":0,"pct":100},"statements":{"total":223,"covered":0,"skipped":0,"pct":0},"branches":{"total":1,"covered":1,"skipped":0,"pct":100}}
,"/mnt/d/Tek5/ProjPro/Castium/castium/app/composables/useVideoUpload.ts": {"lines":{"total":528,"covered":0,"skipped":0,"pct":0},"functions":{"total":1,"covered":1,"skipped":0,"pct":100},"statements":{"total":528,"covered":0,"skipped":0,"pct":0},"branches":{"total":1,"covered":1,"skipped":0,"pct":100}}
,"/mnt/d/Tek5/ProjPro/Castium/castium/app/composables/useYouTube.ts": {"lines":{"total":424,"covered":373,"skipped":0,"pct":87.97},"functions":{"total":29,"covered":27,"skipped":0,"pct":93.1},"statements":{"total":424,"covered":373,"skipped":0,"pct":87.97},"branches":{"total":95,"covered":58,"skipped":0,"pct":61.05}}
,"/mnt/d/Tek5/ProjPro/Castium/castium/app/layouts/default.vue": {"lines":{"total":5,"covered":5,"skipped":0,"pct":100},"functions":{"total":0,"covered":0,"skipped":0,"pct":100},"statements":{"total":5,"covered":5,"skipped":0,"pct":100},"branches":{"total":0,"covered":0,"skipped":0,"pct":100}}
,"/mnt/d/Tek5/ProjPro/Castium/castium/app/middleware/auth.global.ts": {"lines":{"total":55,"covered":40,"skipped":0,"pct":72.72},"functions":{"total":1,"covered":0,"skipped":0,"pct":0},"statements":{"total":55,"covered":40,"skipped":0,"pct":72.72},"branches":{"total":22,"covered":15,"skipped":0,"pct":68.18}}
,"/mnt/d/Tek5/ProjPro/Castium/castium/app/pages/index.vue": {"lines":{"total":357,"covered":0,"skipped":0,"pct":0},"functions":{"total":1,"covered":0,"skipped":0,"pct":0},"statements":{"total":357,"covered":0,"skipped":0,"pct":0},"branches":{"total":1,"covered":0,"skipped":0,"pct":0}}
,"/mnt/d/Tek5/ProjPro/Castium/castium/app/pages/app/lectures.vue": {"lines":{"total":2538,"covered":0,"skipped":0,"pct":0},"functions":{"total":1,"covered":0,"skipped":0,"pct":0},"statements":{"total":2538,"covered":0,"skipped":0,"pct":0},"branches":{"total":1,"covered":0,"skipped":0,"pct":0}}
,"/mnt/d/Tek5/ProjPro/Castium/castium/app/pages/app/music.vue": {"lines":{"total":1871,"covered":0,"skipped":0,"pct":0},"functions":{"total":1,"covered":0,"skipped":0,"pct":0},"statements":{"total":1871,"covered":0,"skipped":0,"pct":0},"branches":{"total":1,"covered":0,"skipped":0,"pct":0}}
,"/mnt/d/Tek5/ProjPro/Castium/castium/app/pages/app/photos.vue": {"lines":{"total":772,"covered":0,"skipped":0,"pct":0},"functions":{"total":1,"covered":0,"skipped":0,"pct":0},"statements":{"total":772,"covered":0,"skipped":0,"pct":0},"branches":{"total":1,"covered":0,"skipped":0,"pct":0}}
,"/mnt/d/Tek5/ProjPro/Castium/castium/app/pages/app/podcasts.vue": {"lines":{"total":850,"covered":0,"skipped":0,"pct":0},"functions":{"total":1,"covered":0,"skipped":0,"pct":0},"statements":{"total":850,"covered":0,"skipped":0,"pct":0},"branches":{"total":1,"covered":0,"skipped":0,"pct":0}}
,"/mnt/d/Tek5/ProjPro/Castium/castium/app/pages/app/radio.vue": {"lines":{"total":357,"covered":0,"skipped":0,"pct":0},"functions":{"total":1,"covered":0,"skipped":0,"pct":0},"statements":{"total":357,"covered":0,"skipped":0,"pct":0},"branches":{"total":1,"covered":0,"skipped":0,"pct":0}}
,"/mnt/d/Tek5/ProjPro/Castium/castium/app/pages/app/settings.vue": {"lines":{"total":957,"covered":0,"skipped":0,"pct":0},"functions":{"total":1,"covered":0,"skipped":0,"pct":0},"statements":{"total":957,"covered":0,"skipped":0,"pct":0},"branches":{"total":1,"covered":0,"skipped":0,"pct":0}}
,"/mnt/d/Tek5/ProjPro/Castium/castium/app/pages/app/tv.vue": {"lines":{"total":540,"covered":0,"skipped":0,"pct":0},"functions":{"total":1,"covered":0,"skipped":0,"pct":0},"statements":{"total":540,"covered":0,"skipped":0,"pct":0},"branches":{"total":1,"covered":0,"skipped":0,"pct":0}}
,"/mnt/d/Tek5/ProjPro/Castium/castium/app/pages/app/movies/[id].vue": {"lines":{"total":261,"covered":0,"skipped":0,"pct":0},"functions":{"total":1,"covered":0,"skipped":0,"pct":0},"statements":{"total":261,"covered":0,"skipped":0,"pct":0},"branches":{"total":1,"covered":0,"skipped":0,"pct":0}}
,"/mnt/d/Tek5/ProjPro/Castium/castium/app/pages/app/movies/index.vue": {"lines":{"total":91,"covered":0,"skipped":0,"pct":0},"functions":{"total":1,"covered":0,"skipped":0,"pct":0},"statements":{"total":91,"covered":0,"skipped":0,"pct":0},"branches":{"total":1,"covered":0,"skipped":0,"pct":0}}
,"/mnt/d/Tek5/ProjPro/Castium/castium/app/pages/auth/callback.vue": {"lines":{"total":53,"covered":0,"skipped":0,"pct":0},"functions":{"total":1,"covered":0,"skipped":0,"pct":0},"statements":{"total":53,"covered":0,"skipped":0,"pct":0},"branches":{"total":1,"covered":0,"skipped":0,"pct":0}}
,"/mnt/d/Tek5/ProjPro/Castium/castium/app/pages/auth/forgot-password.vue": {"lines":{"total":88,"covered":0,"skipped":0,"pct":0},"functions":{"total":1,"covered":0,"skipped":0,"pct":0},"statements":{"total":88,"covered":0,"skipped":0,"pct":0},"branches":{"total":1,"covered":0,"skipped":0,"pct":0}}
,"/mnt/d/Tek5/ProjPro/Castium/castium/app/pages/auth/login.vue": {"lines":{"total":114,"covered":0,"skipped":0,"pct":0},"functions":{"total":1,"covered":0,"skipped":0,"pct":0},"statements":{"total":114,"covered":0,"skipped":0,"pct":0},"branches":{"total":1,"covered":0,"skipped":0,"pct":0}}
,"/mnt/d/Tek5/ProjPro/Castium/castium/app/pages/auth/reset-password.vue": {"lines":{"total":156,"covered":0,"skipped":0,"pct":0},"functions":{"total":1,"covered":0,"skipped":0,"pct":0},"statements":{"total":156,"covered":0,"skipped":0,"pct":0},"branches":{"total":1,"covered":0,"skipped":0,"pct":0}}
,"/mnt/d/Tek5/ProjPro/Castium/castium/app/pages/auth/signup.vue": {"lines":{"total":116,"covered":0,"skipped":0,"pct":0},"functions":{"total":1,"covered":0,"skipped":0,"pct":0},"statements":{"total":116,"covered":0,"skipped":0,"pct":0},"branches":{"total":1,"covered":0,"skipped":0,"pct":0}}
,"/mnt/d/Tek5/ProjPro/Castium/castium/app/pages/auth/spotify/callback.vue": {"lines":{"total":32,"covered":0,"skipped":0,"pct":0},"functions":{"total":1,"covered":0,"skipped":0,"pct":0},"statements":{"total":32,"covered":0,"skipped":0,"pct":0},"branches":{"total":1,"covered":0,"skipped":0,"pct":0}}
,"/mnt/d/Tek5/ProjPro/Castium/castium/app/pages/auth/youtube/callback.vue": {"lines":{"total":94,"covered":0,"skipped":0,"pct":0},"functions":{"total":1,"covered":0,"skipped":0,"pct":0},"statements":{"total":94,"covered":0,"skipped":0,"pct":0},"branches":{"total":1,"covered":0,"skipped":0,"pct":0}}
,"/mnt/d/Tek5/ProjPro/Castium/castium/app/types/upload.ts": {"lines":{"total":0,"covered":0,"skipped":0,"pct":0},"functions":{"total":1,"covered":1,"skipped":0,"pct":0},"statements":{"total":0,"covered":0,"skipped":0,"pct":0},"branches":{"total":1,"covered":1,"skipped":0,"pct":0}}
,"/mnt/d/Tek5/ProjPro/Castium/castium/app/utils/math.ts": {"lines":{"total":10,"covered":10,"skipped":0,"pct":100},"functions":{"total":2,"covered":2,"skipped":0,"pct":100},"statements":{"total":10,"covered":10,"skipped":0,"pct":100},"branches":{"total":4,"covered":4,"skipped":0,"pct":100}}
}
