<?xml version="1.0" encoding="UTF-8" ?>
<testsuites name="vitest tests" tests="529" failures="0" errors="0" time="5.427">
    <testsuite name="tests/test-coverage-summary.test.ts" timestamp="2026-02-10T00:52:02.182Z" hostname="nybook" tests="38" failures="0" errors="0" skipped="0" time="0.010830023">
        <testcase classname="tests/test-coverage-summary.test.ts" name="Test Coverage Summary &gt; Unit Tests Coverage &gt; should cover authentication composables" time="0.000662666">
        </testcase>
        <testcase classname="tests/test-coverage-summary.test.ts" name="Test Coverage Summary &gt; Unit Tests Coverage &gt; should cover media composables" time="0.000281554">
        </testcase>
        <testcase classname="tests/test-coverage-summary.test.ts" name="Test Coverage Summary &gt; Unit Tests Coverage &gt; should cover utility composables" time="0.000257652">
        </testcase>
        <testcase classname="tests/test-coverage-summary.test.ts" name="Test Coverage Summary &gt; Component Tests Coverage &gt; should cover layout components" time="0.000248783">
        </testcase>
        <testcase classname="tests/test-coverage-summary.test.ts" name="Test Coverage Summary &gt; Component Tests Coverage &gt; should cover feature components" time="0.000235959">
        </testcase>
        <testcase classname="tests/test-coverage-summary.test.ts" name="Test Coverage Summary &gt; Component Tests Coverage &gt; should have test suites for interactive components" time="0.000275228">
        </testcase>
        <testcase classname="tests/test-coverage-summary.test.ts" name="Test Coverage Summary &gt; Integration Tests Coverage &gt; should cover API endpoints" time="0.00026581">
        </testcase>
        <testcase classname="tests/test-coverage-summary.test.ts" name="Test Coverage Summary &gt; Integration Tests Coverage &gt; should cover database operations" time="0.00025082">
        </testcase>
        <testcase classname="tests/test-coverage-summary.test.ts" name="Test Coverage Summary &gt; Integration Tests Coverage &gt; should cover error scenarios" time="0.000242501">
        </testcase>
        <testcase classname="tests/test-coverage-summary.test.ts" name="Test Coverage Summary &gt; Functional Tests Coverage &gt; should cover authentication flows" time="0.000255434">
        </testcase>
        <testcase classname="tests/test-coverage-summary.test.ts" name="Test Coverage Summary &gt; Functional Tests Coverage &gt; should cover media playback flows" time="0.000228166">
        </testcase>
        <testcase classname="tests/test-coverage-summary.test.ts" name="Test Coverage Summary &gt; Functional Tests Coverage &gt; should cover user workflows" time="0.000212662">
        </testcase>
        <testcase classname="tests/test-coverage-summary.test.ts" name="Test Coverage Summary &gt; Critical Path Testing &gt; should test account deletion (critical)" time="0.000235784">
        </testcase>
        <testcase classname="tests/test-coverage-summary.test.ts" name="Test Coverage Summary &gt; Critical Path Testing &gt; should test global audio player (critical)" time="0.000310887">
        </testcase>
        <testcase classname="tests/test-coverage-summary.test.ts" name="Test Coverage Summary &gt; Critical Path Testing &gt; should test OAuth integration (critical)" time="0.000229233">
        </testcase>
        <testcase classname="tests/test-coverage-summary.test.ts" name="Test Coverage Summary &gt; Critical Path Testing &gt; should test picture-in-picture (critical)" time="0.000266878">
        </testcase>
        <testcase classname="tests/test-coverage-summary.test.ts" name="Test Coverage Summary &gt; Critical Path Testing &gt; should test video progress tracking (critical)" time="0.00028982">
        </testcase>
        <testcase classname="tests/test-coverage-summary.test.ts" name="Test Coverage Summary &gt; Test Statistics &gt; should have 100+ test cases" time="0.000363759">
        </testcase>
        <testcase classname="tests/test-coverage-summary.test.ts" name="Test Coverage Summary &gt; Test Statistics &gt; should cover main features" time="0.000357025">
        </testcase>
        <testcase classname="tests/test-coverage-summary.test.ts" name="Test Coverage Summary &gt; Test Statistics &gt; should test error handling" time="0.000282536">
        </testcase>
        <testcase classname="tests/test-coverage-summary.test.ts" name="Test Coverage Summary &gt; Test Maintenance &gt; should use consistent test structure" time="0.000227465">
        </testcase>
        <testcase classname="tests/test-coverage-summary.test.ts" name="Test Coverage Summary &gt; Test Maintenance &gt; should mock external dependencies" time="0.000223715">
        </testcase>
        <testcase classname="tests/test-coverage-summary.test.ts" name="Test Coverage Summary &gt; Test Maintenance &gt; should avoid flaky tests" time="0.000266773">
        </testcase>
        <testcase classname="tests/test-coverage-summary.test.ts" name="Test Coverage Summary &gt; Coverage Goals &gt; should target 80%+ statement coverage" time="0.000338084">
        </testcase>
        <testcase classname="tests/test-coverage-summary.test.ts" name="Test Coverage Summary &gt; Coverage Goals &gt; should target 70%+ branch coverage" time="0.00021885">
        </testcase>
        <testcase classname="tests/test-coverage-summary.test.ts" name="Test Coverage Summary &gt; Coverage Goals &gt; should target 80%+ function coverage" time="0.00023784">
        </testcase>
        <testcase classname="tests/test-coverage-summary.test.ts" name="Test Coverage Summary &gt; Coverage Goals &gt; should target 80%+ line coverage" time="0.000234915">
        </testcase>
        <testcase classname="tests/test-coverage-summary.test.ts" name="Test Coverage Summary &gt; Test Execution &gt; should run all tests with vitest" time="0.000201163">
        </testcase>
        <testcase classname="tests/test-coverage-summary.test.ts" name="Test Coverage Summary &gt; Test Execution &gt; should use jsdom environment" time="0.000181663">
        </testcase>
        <testcase classname="tests/test-coverage-summary.test.ts" name="Test Coverage Summary &gt; Test Execution &gt; should have globals enabled" time="0.000186274">
        </testcase>
        <testcase classname="tests/test-coverage-summary.test.ts" name="Test Coverage Summary &gt; Test Execution &gt; should generate coverage reports" time="0.000203898">
        </testcase>
        <testcase classname="tests/test-coverage-summary.test.ts" name="Test Coverage Summary &gt; Documentation &gt; should document test structure" time="0.000199283">
        </testcase>
        <testcase classname="tests/test-coverage-summary.test.ts" name="Test Coverage Summary &gt; Documentation &gt; should include test comments for complex cases" time="0.000160563">
        </testcase>
        <testcase classname="tests/test-coverage-summary.test.ts" name="Test Coverage Summary &gt; Documentation &gt; should maintain test naming conventions" time="0.000177947">
        </testcase>
        <testcase classname="tests/test-coverage-summary.test.ts" name="Test Coverage Summary &gt; Test Files Created &gt; should have unit test files" time="0.000190258">
        </testcase>
        <testcase classname="tests/test-coverage-summary.test.ts" name="Test Coverage Summary &gt; Test Files Created &gt; should have component test files" time="0.000188531">
        </testcase>
        <testcase classname="tests/test-coverage-summary.test.ts" name="Test Coverage Summary &gt; Test Files Created &gt; should have integration test files" time="0.000174306">
        </testcase>
        <testcase classname="tests/test-coverage-summary.test.ts" name="Test Coverage Summary &gt; Test Files Created &gt; should have functional test files" time="0.000171606">
        </testcase>
    </testsuite>
    <testsuite name="tests/component/Footer.test.ts" timestamp="2026-02-10T00:52:02.192Z" hostname="nybook" tests="7" failures="0" errors="0" skipped="0" time="0.046357912">
        <testcase classname="tests/component/Footer.test.ts" name="Footer Component &gt; Rendering &gt; should render footer" time="0.023340694">
        </testcase>
        <testcase classname="tests/component/Footer.test.ts" name="Footer Component &gt; Rendering &gt; should display footer title" time="0.004318796">
        </testcase>
        <testcase classname="tests/component/Footer.test.ts" name="Footer Component &gt; Rendering &gt; should have footer links" time="0.003765596">
        </testcase>
        <testcase classname="tests/component/Footer.test.ts" name="Footer Component &gt; Rendering &gt; should display copyright" time="0.003947096">
        </testcase>
        <testcase classname="tests/component/Footer.test.ts" name="Footer Component &gt; Rendering &gt; should have social links" time="0.003645712">
        </testcase>
        <testcase classname="tests/component/Footer.test.ts" name="Footer Component &gt; Props &gt; should accept mode prop" time="0.003299945">
        </testcase>
        <testcase classname="tests/component/Footer.test.ts" name="Footer Component &gt; Links &gt; should have valid link hrefs" time="0.003625009">
        </testcase>
    </testsuite>
    <testsuite name="tests/component/GlobalPlayer.test.ts" timestamp="2026-02-10T00:52:02.193Z" hostname="nybook" tests="24" failures="0" errors="0" skipped="0" time="0.068483239">
        <testcase classname="tests/component/GlobalPlayer.test.ts" name="GlobalPlayer Component &gt; Player Controls Rendering &gt; should render play/pause button" time="0.006557256">
        </testcase>
        <testcase classname="tests/component/GlobalPlayer.test.ts" name="GlobalPlayer Component &gt; Player Controls Rendering &gt; should render next button" time="0.002208692">
        </testcase>
        <testcase classname="tests/component/GlobalPlayer.test.ts" name="GlobalPlayer Component &gt; Player Controls Rendering &gt; should render previous button" time="0.002178086">
        </testcase>
        <testcase classname="tests/component/GlobalPlayer.test.ts" name="GlobalPlayer Component &gt; Player Controls Rendering &gt; should render shuffle button" time="0.001967852">
        </testcase>
        <testcase classname="tests/component/GlobalPlayer.test.ts" name="GlobalPlayer Component &gt; Player Controls Rendering &gt; should render repeat button" time="0.002227338">
        </testcase>
        <testcase classname="tests/component/GlobalPlayer.test.ts" name="GlobalPlayer Component &gt; Player Controls Rendering &gt; should render mute button" time="0.001952567">
        </testcase>
        <testcase classname="tests/component/GlobalPlayer.test.ts" name="GlobalPlayer Component &gt; Player Controls Rendering &gt; should display progress information" time="0.001968999">
        </testcase>
        <testcase classname="tests/component/GlobalPlayer.test.ts" name="GlobalPlayer Component &gt; Play/Pause Functionality &gt; should toggle play state" time="0.002516266">
        </testcase>
        <testcase classname="tests/component/GlobalPlayer.test.ts" name="GlobalPlayer Component &gt; Play/Pause Functionality &gt; should show Play when paused" time="0.00185333">
        </testcase>
        <testcase classname="tests/component/GlobalPlayer.test.ts" name="GlobalPlayer Component &gt; Play/Pause Functionality &gt; should show Pause when playing" time="0.002080845">
        </testcase>
        <testcase classname="tests/component/GlobalPlayer.test.ts" name="GlobalPlayer Component &gt; Navigation Buttons &gt; should emit next event" time="0.002118049">
        </testcase>
        <testcase classname="tests/component/GlobalPlayer.test.ts" name="GlobalPlayer Component &gt; Navigation Buttons &gt; should emit previous event" time="0.008998057">
        </testcase>
        <testcase classname="tests/component/GlobalPlayer.test.ts" name="GlobalPlayer Component &gt; Shuffle Control &gt; should toggle shuffle mode on" time="0.00381485">
        </testcase>
        <testcase classname="tests/component/GlobalPlayer.test.ts" name="GlobalPlayer Component &gt; Shuffle Control &gt; should toggle shuffle mode off" time="0.003150321">
        </testcase>
        <testcase classname="tests/component/GlobalPlayer.test.ts" name="GlobalPlayer Component &gt; Shuffle Control &gt; should display current shuffle state" time="0.002555345">
        </testcase>
        <testcase classname="tests/component/GlobalPlayer.test.ts" name="GlobalPlayer Component &gt; Repeat Control &gt; should cycle repeat modes" time="0.004449621">
        </testcase>
        <testcase classname="tests/component/GlobalPlayer.test.ts" name="GlobalPlayer Component &gt; Repeat Control &gt; should display repeat state" time="0.002408606">
        </testcase>
        <testcase classname="tests/component/GlobalPlayer.test.ts" name="GlobalPlayer Component &gt; Volume Control &gt; should toggle mute" time="0.002232105">
        </testcase>
        <testcase classname="tests/component/GlobalPlayer.test.ts" name="GlobalPlayer Component &gt; Volume Control &gt; should toggle unmute" time="0.001947423">
        </testcase>
        <testcase classname="tests/component/GlobalPlayer.test.ts" name="GlobalPlayer Component &gt; Progress Display &gt; should display current time" time="0.002077181">
        </testcase>
        <testcase classname="tests/component/GlobalPlayer.test.ts" name="GlobalPlayer Component &gt; Progress Display &gt; should display total duration" time="0.001949038">
        </testcase>
        <testcase classname="tests/component/GlobalPlayer.test.ts" name="GlobalPlayer Component &gt; Progress Display &gt; should show formatted progress" time="0.002257748">
        </testcase>
        <testcase classname="tests/component/GlobalPlayer.test.ts" name="GlobalPlayer Component &gt; Accessibility &gt; should have descriptive button labels" time="0.002061223">
        </testcase>
        <testcase classname="tests/component/GlobalPlayer.test.ts" name="GlobalPlayer Component &gt; Accessibility &gt; should have semantic button elements" time="0.002044056">
        </testcase>
    </testsuite>
    <testsuite name="tests/component/LoginForm.test.ts" timestamp="2026-02-10T00:52:02.196Z" hostname="nybook" tests="25" failures="0" errors="0" skipped="0" time="0.32824579">
        <testcase classname="tests/component/LoginForm.test.ts" name="LoginForm Component &gt; Form Rendering &gt; should render login form" time="0.022239127">
        </testcase>
        <testcase classname="tests/component/LoginForm.test.ts" name="LoginForm Component &gt; Form Rendering &gt; should render email input" time="0.004428467">
        </testcase>
        <testcase classname="tests/component/LoginForm.test.ts" name="LoginForm Component &gt; Form Rendering &gt; should render password input" time="0.003546637">
        </testcase>
        <testcase classname="tests/component/LoginForm.test.ts" name="LoginForm Component &gt; Form Rendering &gt; should render submit button" time="0.003528737">
        </testcase>
        <testcase classname="tests/component/LoginForm.test.ts" name="LoginForm Component &gt; Form Rendering &gt; should render Google login button" time="0.003212179">
        </testcase>
        <testcase classname="tests/component/LoginForm.test.ts" name="LoginForm Component &gt; Form Rendering &gt; should render signup link" time="0.003293703">
        </testcase>
        <testcase classname="tests/component/LoginForm.test.ts" name="LoginForm Component &gt; Form Rendering &gt; should render forgot password link" time="0.003155486">
        </testcase>
        <testcase classname="tests/component/LoginForm.test.ts" name="LoginForm Component &gt; Email Validation &gt; should accept valid email" time="0.003971899">
        </testcase>
        <testcase classname="tests/component/LoginForm.test.ts" name="LoginForm Component &gt; Email Validation &gt; should validate email format" time="0.003917134">
        </testcase>
        <testcase classname="tests/component/LoginForm.test.ts" name="LoginForm Component &gt; Email Validation &gt; should require @ symbol" time="0.004097027">
        </testcase>
        <testcase classname="tests/component/LoginForm.test.ts" name="LoginForm Component &gt; Password Validation &gt; should require minimum 6 characters" time="0.003432937">
        </testcase>
        <testcase classname="tests/component/LoginForm.test.ts" name="LoginForm Component &gt; Password Validation &gt; should accept valid password" time="0.003563792">
        </testcase>
        <testcase classname="tests/component/LoginForm.test.ts" name="LoginForm Component &gt; Form Submission &gt; should emit login-success event" time="0.205061975">
        </testcase>
        <testcase classname="tests/component/LoginForm.test.ts" name="LoginForm Component &gt; Form Submission &gt; should disable submit button when form invalid" time="0.007291715">
        </testcase>
        <testcase classname="tests/component/LoginForm.test.ts" name="LoginForm Component &gt; Form Submission &gt; should show loading state during submission" time="0.004988607">
        </testcase>
        <testcase classname="tests/component/LoginForm.test.ts" name="LoginForm Component &gt; Form Submission &gt; should disable inputs during loading" time="0.005343003">
        </testcase>
        <testcase classname="tests/component/LoginForm.test.ts" name="LoginForm Component &gt; Password Visibility &gt; should toggle password visibility" time="0.004953757">
        </testcase>
        <testcase classname="tests/component/LoginForm.test.ts" name="LoginForm Component &gt; Password Visibility &gt; should show password visibility button text" time="0.004503829">
        </testcase>
        <testcase classname="tests/component/LoginForm.test.ts" name="LoginForm Component &gt; Error Handling &gt; should display error message" time="0.004492017">
        </testcase>
        <testcase classname="tests/component/LoginForm.test.ts" name="LoginForm Component &gt; Error Handling &gt; should clear error after successful login" time="0.004039741">
        </testcase>
        <testcase classname="tests/component/LoginForm.test.ts" name="LoginForm Component &gt; OAuth Integration &gt; should emit google-login event" time="0.004095393">
        </testcase>
        <testcase classname="tests/component/LoginForm.test.ts" name="LoginForm Component &gt; OAuth Integration &gt; should disable Google button during loading" time="0.003785569">
        </testcase>
        <testcase classname="tests/component/LoginForm.test.ts" name="LoginForm Component &gt; Accessibility &gt; should have proper labels" time="0.004706579">
        </testcase>
        <testcase classname="tests/component/LoginForm.test.ts" name="LoginForm Component &gt; Accessibility &gt; should have descriptive button text" time="0.003022315">
        </testcase>
        <testcase classname="tests/component/LoginForm.test.ts" name="LoginForm Component &gt; Accessibility &gt; should associate inputs with labels" time="0.00839669">
        </testcase>
    </testsuite>
    <testsuite name="tests/component/Navbar.test.ts" timestamp="2026-02-10T00:52:02.200Z" hostname="nybook" tests="7" failures="0" errors="0" skipped="0" time="0.022113922">
        <testcase classname="tests/component/Navbar.test.ts" name="Navbar Component &gt; Rendering &gt; should render navbar" time="0.006739972">
        </testcase>
        <testcase classname="tests/component/Navbar.test.ts" name="Navbar Component &gt; Rendering &gt; should display logo" time="0.003202994">
        </testcase>
        <testcase classname="tests/component/Navbar.test.ts" name="Navbar Component &gt; Rendering &gt; should have navigation links" time="0.002359716">
        </testcase>
        <testcase classname="tests/component/Navbar.test.ts" name="Navbar Component &gt; Rendering &gt; should display profile button" time="0.002335849">
        </testcase>
        <testcase classname="tests/component/Navbar.test.ts" name="Navbar Component &gt; Interactions &gt; should toggle profile menu" time="0.003197899">
        </testcase>
        <testcase classname="tests/component/Navbar.test.ts" name="Navbar Component &gt; Props &gt; should accept mode prop" time="0.002043721">
        </testcase>
        <testcase classname="tests/component/Navbar.test.ts" name="Navbar Component &gt; Props &gt; should accept landing mode" time="0.001875664">
        </testcase>
    </testsuite>
    <testsuite name="tests/component/Settings.test.ts" timestamp="2026-02-10T00:52:02.201Z" hostname="nybook" tests="31" failures="0" errors="0" skipped="0" time="0.452745859">
        <testcase classname="tests/component/Settings.test.ts" name="Settings Component &gt; Settings Panel Rendering &gt; should render settings content" time="0.081907045">
        </testcase>
        <testcase classname="tests/component/Settings.test.ts" name="Settings Component &gt; Settings Panel Rendering &gt; should display account settings section" time="0.004596612">
        </testcase>
        <testcase classname="tests/component/Settings.test.ts" name="Settings Component &gt; Settings Panel Rendering &gt; should display theme section" time="0.003622088">
        </testcase>
        <testcase classname="tests/component/Settings.test.ts" name="Settings Component &gt; Settings Panel Rendering &gt; should display language section" time="0.003157366">
        </testcase>
        <testcase classname="tests/component/Settings.test.ts" name="Settings Component &gt; Delete Account Button &gt; should render delete account button" time="0.00386921">
        </testcase>
        <testcase classname="tests/component/Settings.test.ts" name="Settings Component &gt; Delete Account Button &gt; should open delete modal on click" time="0.014592502">
        </testcase>
        <testcase classname="tests/component/Settings.test.ts" name="Settings Component &gt; Delete Account Modal &gt; should not show modal initially" time="0.00387551">
        </testcase>
        <testcase classname="tests/component/Settings.test.ts" name="Settings Component &gt; Delete Account Modal &gt; should show modal when opened" time="0.005386351">
        </testcase>
        <testcase classname="tests/component/Settings.test.ts" name="Settings Component &gt; Delete Account Modal &gt; should display warning message" time="0.005428132">
        </testcase>
        <testcase classname="tests/component/Settings.test.ts" name="Settings Component &gt; Delete Account Modal &gt; should display confirmation checkbox" time="0.005439085">
        </testcase>
        <testcase classname="tests/component/Settings.test.ts" name="Settings Component &gt; Delete Account Modal &gt; should have cancel button in modal" time="0.005295626">
        </testcase>
        <testcase classname="tests/component/Settings.test.ts" name="Settings Component &gt; Delete Account Modal &gt; should have delete confirmation button" time="0.005703337">
        </testcase>
        <testcase classname="tests/component/Settings.test.ts" name="Settings Component &gt; Delete Account Confirmation &gt; should disable delete button when checkbox unchecked" time="0.005462621">
        </testcase>
        <testcase classname="tests/component/Settings.test.ts" name="Settings Component &gt; Delete Account Confirmation &gt; should enable delete button when checkbox checked" time="0.006985305">
        </testcase>
        <testcase classname="tests/component/Settings.test.ts" name="Settings Component &gt; Delete Account Confirmation &gt; should require confirmation checkbox to be checked" time="0.005581506">
        </testcase>
        <testcase classname="tests/component/Settings.test.ts" name="Settings Component &gt; Delete Account Submission &gt; should emit account-deleted event" time="0.212179917">
        </testcase>
        <testcase classname="tests/component/Settings.test.ts" name="Settings Component &gt; Delete Account Submission &gt; should show loading state during deletion" time="0.011266764">
        </testcase>
        <testcase classname="tests/component/Settings.test.ts" name="Settings Component &gt; Delete Account Submission &gt; should display error if deletion fails" time="0.009499083">
        </testcase>
        <testcase classname="tests/component/Settings.test.ts" name="Settings Component &gt; Modal Close Behavior &gt; should close modal on cancel button click" time="0.008326759">
        </testcase>
        <testcase classname="tests/component/Settings.test.ts" name="Settings Component &gt; Modal Close Behavior &gt; should close modal on overlay click" time="0.0058654">
        </testcase>
        <testcase classname="tests/component/Settings.test.ts" name="Settings Component &gt; Modal Close Behavior &gt; should not close modal when clicking modal content" time="0.006105948">
        </testcase>
        <testcase classname="tests/component/Settings.test.ts" name="Settings Component &gt; Modal Close Behavior &gt; should clear confirmation when closing" time="0.005513873">
        </testcase>
        <testcase classname="tests/component/Settings.test.ts" name="Settings Component &gt; Modal Close Behavior &gt; should clear error when closing" time="0.005343122">
        </testcase>
        <testcase classname="tests/component/Settings.test.ts" name="Settings Component &gt; Theme Settings &gt; should have theme selector" time="0.003296671">
        </testcase>
        <testcase classname="tests/component/Settings.test.ts" name="Settings Component &gt; Theme Settings &gt; should emit theme-changed event" time="0.003971027">
        </testcase>
        <testcase classname="tests/component/Settings.test.ts" name="Settings Component &gt; Theme Settings &gt; should have light theme option" time="0.004223191">
        </testcase>
        <testcase classname="tests/component/Settings.test.ts" name="Settings Component &gt; Theme Settings &gt; should have dark theme option" time="0.002921229">
        </testcase>
        <testcase classname="tests/component/Settings.test.ts" name="Settings Component &gt; Language Settings &gt; should have language selector" time="0.002879781">
        </testcase>
        <testcase classname="tests/component/Settings.test.ts" name="Settings Component &gt; Language Settings &gt; should emit language-changed event" time="0.002975595">
        </testcase>
        <testcase classname="tests/component/Settings.test.ts" name="Settings Component &gt; Language Settings &gt; should have English language option" time="0.003436582">
        </testcase>
        <testcase classname="tests/component/Settings.test.ts" name="Settings Component &gt; Language Settings &gt; should have French language option" time="0.002808261">
        </testcase>
    </testsuite>
    <testsuite name="tests/component/TestButton.spec.ts" timestamp="2026-02-10T00:52:02.205Z" hostname="nybook" tests="2" failures="0" errors="0" skipped="0" time="0.006575959">
        <testcase classname="tests/component/TestButton.spec.ts" name="TestButton.vue (component test) &gt; affiche le label passé en prop" time="0.003413684">
        </testcase>
        <testcase classname="tests/component/TestButton.spec.ts" name="TestButton.vue (component test) &gt; émet un évènement &apos;click&apos; quand on clique sur le bouton" time="0.002902144">
        </testcase>
    </testsuite>
    <testsuite name="tests/integration/api-validation.test.ts" timestamp="2026-02-10T00:52:02.206Z" hostname="nybook" tests="49" failures="0" errors="0" skipped="0" time="0.016703322">
        <testcase classname="tests/integration/api-validation.test.ts" name="API Contract Validation &gt; Delete Account API &gt; should validate request has auth token" time="0.000717058">
        </testcase>
        <testcase classname="tests/integration/api-validation.test.ts" name="API Contract Validation &gt; Delete Account API &gt; should reject request without token" time="0.000396997">
        </testcase>
        <testcase classname="tests/integration/api-validation.test.ts" name="API Contract Validation &gt; Delete Account API &gt; should return 200 on success" time="0.000268397">
        </testcase>
        <testcase classname="tests/integration/api-validation.test.ts" name="API Contract Validation &gt; Delete Account API &gt; should return 401 on auth failure" time="0.000347984">
        </testcase>
        <testcase classname="tests/integration/api-validation.test.ts" name="API Contract Validation &gt; Delete Account API &gt; should return 500 on server error" time="0.000251255">
        </testcase>
        <testcase classname="tests/integration/api-validation.test.ts" name="API Contract Validation &gt; Delete Account API &gt; should validate response structure" time="0.00026905">
        </testcase>
        <testcase classname="tests/integration/api-validation.test.ts" name="API Contract Validation &gt; Request/Response Formats &gt; should send JSON data" time="0.00209213">
        </testcase>
        <testcase classname="tests/integration/api-validation.test.ts" name="API Contract Validation &gt; Request/Response Formats &gt; should receive JSON response" time="0.000326136">
        </testcase>
        <testcase classname="tests/integration/api-validation.test.ts" name="API Contract Validation &gt; Request/Response Formats &gt; should handle error responses" time="0.00025895">
        </testcase>
        <testcase classname="tests/integration/api-validation.test.ts" name="API Contract Validation &gt; Authentication Headers &gt; should use Bearer token scheme" time="0.000255422">
        </testcase>
        <testcase classname="tests/integration/api-validation.test.ts" name="API Contract Validation &gt; Authentication Headers &gt; should handle missing bearer prefix" time="0.000213505">
        </testcase>
        <testcase classname="tests/integration/api-validation.test.ts" name="API Contract Validation &gt; Authentication Headers &gt; should validate token format" time="0.000221336">
        </testcase>
        <testcase classname="tests/integration/api-validation.test.ts" name="API Contract Validation &gt; Error Response Structure &gt; should return error message" time="0.000223487">
        </testcase>
        <testcase classname="tests/integration/api-validation.test.ts" name="API Contract Validation &gt; Error Response Structure &gt; should return error code" time="0.000199725">
        </testcase>
        <testcase classname="tests/integration/api-validation.test.ts" name="API Contract Validation &gt; Error Response Structure &gt; should return status code" time="0.000199085">
        </testcase>
        <testcase classname="tests/integration/api-validation.test.ts" name="Data Validation &gt; Email Validation &gt; should validate proper email format" time="0.000503137">
        </testcase>
        <testcase classname="tests/integration/api-validation.test.ts" name="Data Validation &gt; Email Validation &gt; should reject invalid email" time="0.000343634">
        </testcase>
        <testcase classname="tests/integration/api-validation.test.ts" name="Data Validation &gt; Email Validation &gt; should accept email with plus addressing" time="0.000306066">
        </testcase>
        <testcase classname="tests/integration/api-validation.test.ts" name="Data Validation &gt; Password Validation &gt; should require minimum 8 characters" time="0.000242023">
        </testcase>
        <testcase classname="tests/integration/api-validation.test.ts" name="Data Validation &gt; Password Validation &gt; should accept valid password" time="0.000239506">
        </testcase>
        <testcase classname="tests/integration/api-validation.test.ts" name="Data Validation &gt; Password Validation &gt; should accept special characters" time="0.00023941">
        </testcase>
        <testcase classname="tests/integration/api-validation.test.ts" name="Data Validation &gt; User ID Format &gt; should be UUID format" time="0.00035911">
        </testcase>
        <testcase classname="tests/integration/api-validation.test.ts" name="Data Validation &gt; User ID Format &gt; should reject invalid UUID" time="0.000359913">
        </testcase>
        <testcase classname="tests/integration/api-validation.test.ts" name="Data Validation &gt; Timestamp Validation &gt; should use valid timestamp" time="0.000265731">
        </testcase>
        <testcase classname="tests/integration/api-validation.test.ts" name="Data Validation &gt; Timestamp Validation &gt; should use ISO 8601 format for dates" time="0.000818768">
        </testcase>
        <testcase classname="tests/integration/api-validation.test.ts" name="Environment Configuration &gt; Required Environment Variables &gt; should have SUPABASE_URL" time="0.000291199">
        </testcase>
        <testcase classname="tests/integration/api-validation.test.ts" name="Environment Configuration &gt; Required Environment Variables &gt; should have SUPABASE_KEY" time="0.000279981">
        </testcase>
        <testcase classname="tests/integration/api-validation.test.ts" name="Environment Configuration &gt; Required Environment Variables &gt; should have SUPABASE_SERVICE_ROLE_KEY in production" time="0.000215278">
        </testcase>
        <testcase classname="tests/integration/api-validation.test.ts" name="Environment Configuration &gt; Required Environment Variables &gt; should have GOOGLE_CLIENT_ID" time="0.000188578">
        </testcase>
        <testcase classname="tests/integration/api-validation.test.ts" name="Environment Configuration &gt; Required Environment Variables &gt; should have GOOGLE_CLIENT_SECRET" time="0.000183664">
        </testcase>
        <testcase classname="tests/integration/api-validation.test.ts" name="Environment Configuration &gt; Environment-Specific Config &gt; should use localhost for development" time="0.000213693">
        </testcase>
        <testcase classname="tests/integration/api-validation.test.ts" name="Environment Configuration &gt; Environment-Specific Config &gt; should use production domain for production" time="0.000196888">
        </testcase>
        <testcase classname="tests/integration/api-validation.test.ts" name="Environment Configuration &gt; Environment-Specific Config &gt; should use https in production" time="0.000227697">
        </testcase>
        <testcase classname="tests/integration/api-validation.test.ts" name="Environment Configuration &gt; Feature Flags &gt; should enable/disable features by config" time="0.000237644">
        </testcase>
        <testcase classname="tests/integration/api-validation.test.ts" name="Environment Configuration &gt; Feature Flags &gt; should support feature toggles" time="0.000316528">
        </testcase>
        <testcase classname="tests/integration/api-validation.test.ts" name="Rate Limiting and Quotas &gt; API Rate Limits &gt; should enforce request rate limit" time="0.000259522">
        </testcase>
        <testcase classname="tests/integration/api-validation.test.ts" name="Rate Limiting and Quotas &gt; API Rate Limits &gt; should handle rate limit exceeded" time="0.00018926">
        </testcase>
        <testcase classname="tests/integration/api-validation.test.ts" name="Rate Limiting and Quotas &gt; API Rate Limits &gt; should provide retry-after header" time="0.000388361">
        </testcase>
        <testcase classname="tests/integration/api-validation.test.ts" name="Rate Limiting and Quotas &gt; Storage Quotas &gt; should enforce storage limit" time="0.000198797">
        </testcase>
        <testcase classname="tests/integration/api-validation.test.ts" name="Rate Limiting and Quotas &gt; Storage Quotas &gt; should track storage usage" time="0.000174052">
        </testcase>
        <testcase classname="tests/integration/api-validation.test.ts" name="Rate Limiting and Quotas &gt; Storage Quotas &gt; should warn at threshold" time="0.000185428">
        </testcase>
        <testcase classname="tests/integration/api-validation.test.ts" name="Security Validations &gt; CORS Enforcement &gt; should validate origin header" time="0.000217505">
        </testcase>
        <testcase classname="tests/integration/api-validation.test.ts" name="Security Validations &gt; CORS Enforcement &gt; should reject unauthorized origins" time="0.000212582">
        </testcase>
        <testcase classname="tests/integration/api-validation.test.ts" name="Security Validations &gt; SQL Injection Prevention &gt; should use parameterized queries" time="0.000178511">
        </testcase>
        <testcase classname="tests/integration/api-validation.test.ts" name="Security Validations &gt; SQL Injection Prevention &gt; should escape user input" time="0.000194378">
        </testcase>
        <testcase classname="tests/integration/api-validation.test.ts" name="Security Validations &gt; XSS Prevention &gt; should sanitize HTML content" time="0.000194554">
        </testcase>
        <testcase classname="tests/integration/api-validation.test.ts" name="Security Validations &gt; XSS Prevention &gt; should escape user-provided data" time="0.000185251">
        </testcase>
        <testcase classname="tests/integration/api-validation.test.ts" name="Security Validations &gt; CSRF Protection &gt; should validate CSRF token" time="0.000169249">
        </testcase>
        <testcase classname="tests/integration/api-validation.test.ts" name="Security Validations &gt; CSRF Protection &gt; should reject request without CSRF token" time="0.000162196">
        </testcase>
    </testsuite>
    <testsuite name="tests/integration/auth-middleware.test.ts" timestamp="2026-02-10T00:52:02.213Z" hostname="nybook" tests="8" failures="0" errors="0" skipped="0" time="0.005115382">
        <testcase classname="tests/integration/auth-middleware.test.ts" name="Auth Middleware Integration &gt; Public Routes &gt; should allow access to public routes" time="0.001182484">
        </testcase>
        <testcase classname="tests/integration/auth-middleware.test.ts" name="Auth Middleware Integration &gt; Public Routes &gt; should not require authentication for public routes" time="0.000575893">
        </testcase>
        <testcase classname="tests/integration/auth-middleware.test.ts" name="Auth Middleware Integration &gt; Protected Routes &gt; should require auth for /app routes" time="0.00064143">
        </testcase>
        <testcase classname="tests/integration/auth-middleware.test.ts" name="Auth Middleware Integration &gt; OAuth Callback Handling &gt; should detect OAuth tokens in hash" time="0.000500604">
        </testcase>
        <testcase classname="tests/integration/auth-middleware.test.ts" name="Auth Middleware Integration &gt; OAuth Callback Handling &gt; should redirect to callback page with hash" time="0.000465895">
        </testcase>
        <testcase classname="tests/integration/auth-middleware.test.ts" name="Auth Middleware Integration &gt; Route Redirects &gt; should redirect unauthenticated users to login" time="0.000448196">
        </testcase>
        <testcase classname="tests/integration/auth-middleware.test.ts" name="Auth Middleware Integration &gt; Route Redirects &gt; should redirect authenticated users from auth pages" time="0.000436118">
        </testcase>
        <testcase classname="tests/integration/auth-middleware.test.ts" name="Auth Middleware Integration &gt; Route Redirects &gt; should allow authenticated users to access app routes" time="0.000399143">
        </testcase>
    </testsuite>
    <testsuite name="tests/integration/delete-account-api.test.ts" timestamp="2026-02-10T00:52:02.214Z" hostname="nybook" tests="9" failures="0" errors="0" skipped="0" time="0.003957292">
        <testcase classname="tests/integration/delete-account-api.test.ts" name="API delete-account Integration &gt; Request Validation &gt; should require authorization header" time="0.000759424">
        </testcase>
        <testcase classname="tests/integration/delete-account-api.test.ts" name="API delete-account Integration &gt; Request Validation &gt; should validate token format" time="0.000400483">
        </testcase>
        <testcase classname="tests/integration/delete-account-api.test.ts" name="API delete-account Integration &gt; Configuration Validation &gt; should check for required environment variables" time="0.000430187">
        </testcase>
        <testcase classname="tests/integration/delete-account-api.test.ts" name="API delete-account Integration &gt; Configuration Validation &gt; should validate service key exists" time="0.00023244">
        </testcase>
        <testcase classname="tests/integration/delete-account-api.test.ts" name="API delete-account Integration &gt; Error Handling &gt; should return 401 for missing auth header" time="0.000283769">
        </testcase>
        <testcase classname="tests/integration/delete-account-api.test.ts" name="API delete-account Integration &gt; Error Handling &gt; should return 500 for server errors" time="0.000314031">
        </testcase>
        <testcase classname="tests/integration/delete-account-api.test.ts" name="API delete-account Integration &gt; Error Handling &gt; should return 401 for invalid token" time="0.000295498">
        </testcase>
        <testcase classname="tests/integration/delete-account-api.test.ts" name="API delete-account Integration &gt; Success Response &gt; should return success status" time="0.00026766">
        </testcase>
        <testcase classname="tests/integration/delete-account-api.test.ts" name="API delete-account Integration &gt; Success Response &gt; should have proper response structure" time="0.000572137">
        </testcase>
    </testsuite>
    <testsuite name="tests/integration/math.integration.test.ts" timestamp="2026-02-10T00:52:02.215Z" hostname="nybook" tests="2" failures="0" errors="0" skipped="0" time="0.001732591">
        <testcase classname="tests/integration/math.integration.test.ts" name="math utils (integration test) &gt; utilise sum pour calculer la moyenne sur plusieurs valeurs" time="0.000643352">
        </testcase>
        <testcase classname="tests/integration/math.integration.test.ts" name="math utils (integration test) &gt; lève une erreur si on passe un tableau vide à average" time="0.000891223">
        </testcase>
    </testsuite>
    <testsuite name="tests/integration/supabase.test.ts" timestamp="2026-02-10T00:52:02.216Z" hostname="nybook" tests="40" failures="0" errors="0" skipped="0" time="0.022649646">
        <testcase classname="tests/integration/supabase.test.ts" name="Supabase Database Integration &gt; Profiles Table Operations &gt; should create user profile" time="0.003056858">
        </testcase>
        <testcase classname="tests/integration/supabase.test.ts" name="Supabase Database Integration &gt; Profiles Table Operations &gt; should fetch user profile" time="0.000612915">
        </testcase>
        <testcase classname="tests/integration/supabase.test.ts" name="Supabase Database Integration &gt; Profiles Table Operations &gt; should update user profile" time="0.000508308">
        </testcase>
        <testcase classname="tests/integration/supabase.test.ts" name="Supabase Database Integration &gt; Profiles Table Operations &gt; should delete user profile" time="0.000439457">
        </testcase>
        <testcase classname="tests/integration/supabase.test.ts" name="Supabase Database Integration &gt; Music Table Operations &gt; should save local music metadata" time="0.000577602">
        </testcase>
        <testcase classname="tests/integration/supabase.test.ts" name="Supabase Database Integration &gt; Music Table Operations &gt; should fetch user music library" time="0.000487378">
        </testcase>
        <testcase classname="tests/integration/supabase.test.ts" name="Supabase Database Integration &gt; Music Table Operations &gt; should update music metadata" time="0.000522251">
        </testcase>
        <testcase classname="tests/integration/supabase.test.ts" name="Supabase Database Integration &gt; Music Table Operations &gt; should delete music track" time="0.000461297">
        </testcase>
        <testcase classname="tests/integration/supabase.test.ts" name="Supabase Database Integration &gt; Videos Table Operations &gt; should save video metadata" time="0.000509694">
        </testcase>
        <testcase classname="tests/integration/supabase.test.ts" name="Supabase Database Integration &gt; Videos Table Operations &gt; should fetch user videos" time="0.000446788">
        </testcase>
        <testcase classname="tests/integration/supabase.test.ts" name="Supabase Database Integration &gt; Videos Table Operations &gt; should update video metadata" time="0.000489827">
        </testcase>
        <testcase classname="tests/integration/supabase.test.ts" name="Supabase Database Integration &gt; Podcasts Table Operations &gt; should save podcast episode" time="0.000483007">
        </testcase>
        <testcase classname="tests/integration/supabase.test.ts" name="Supabase Database Integration &gt; Podcasts Table Operations &gt; should fetch podcast subscriptions" time="0.000485189">
        </testcase>
        <testcase classname="tests/integration/supabase.test.ts" name="Supabase Database Integration &gt; Podcasts Table Operations &gt; should track podcast progress" time="0.000497064">
        </testcase>
        <testcase classname="tests/integration/supabase.test.ts" name="Supabase Database Integration &gt; Radio Favorites Operations &gt; should save favorite station" time="0.000792519">
        </testcase>
        <testcase classname="tests/integration/supabase.test.ts" name="Supabase Database Integration &gt; Radio Favorites Operations &gt; should fetch favorite stations" time="0.000556306">
        </testcase>
        <testcase classname="tests/integration/supabase.test.ts" name="Supabase Database Integration &gt; Radio Favorites Operations &gt; should remove favorite station" time="0.000558565">
        </testcase>
        <testcase classname="tests/integration/supabase.test.ts" name="Supabase Database Integration &gt; IPTV Favorites Operations &gt; should save favorite channel" time="0.000666196">
        </testcase>
        <testcase classname="tests/integration/supabase.test.ts" name="Supabase Database Integration &gt; IPTV Favorites Operations &gt; should fetch favorite channels" time="0.000505554">
        </testcase>
        <testcase classname="tests/integration/supabase.test.ts" name="Supabase Database Integration &gt; Video Ratings and Playlists &gt; should rate video" time="0.000508483">
        </testcase>
        <testcase classname="tests/integration/supabase.test.ts" name="Supabase Database Integration &gt; Video Ratings and Playlists &gt; should create video playlist" time="0.000541415">
        </testcase>
        <testcase classname="tests/integration/supabase.test.ts" name="Supabase Database Integration &gt; Video Ratings and Playlists &gt; should add video to playlist" time="0.000549638">
        </testcase>
        <testcase classname="tests/integration/supabase.test.ts" name="Supabase Database Integration &gt; Cloud Video Progress &gt; should save video progress" time="0.000524293">
        </testcase>
        <testcase classname="tests/integration/supabase.test.ts" name="Supabase Database Integration &gt; Cloud Video Progress &gt; should update video progress" time="0.000541854">
        </testcase>
        <testcase classname="tests/integration/supabase.test.ts" name="Supabase Database Integration &gt; Photos Table Operations &gt; should save photo metadata" time="0.000525266">
        </testcase>
        <testcase classname="tests/integration/supabase.test.ts" name="Supabase Database Integration &gt; Photos Table Operations &gt; should fetch user photos" time="0.00050914">
        </testcase>
        <testcase classname="tests/integration/supabase.test.ts" name="Supabase Database Integration &gt; Photos Table Operations &gt; should delete photo" time="0.000690884">
        </testcase>
        <testcase classname="tests/integration/supabase.test.ts" name="Row-Level Security (RLS) Policies &gt; User Data Isolation &gt; should enforce user_id in RLS" time="0.000397041">
        </testcase>
        <testcase classname="tests/integration/supabase.test.ts" name="Row-Level Security (RLS) Policies &gt; User Data Isolation &gt; should prevent unauthorized access" time="0.000302977">
        </testcase>
        <testcase classname="tests/integration/supabase.test.ts" name="Row-Level Security (RLS) Policies &gt; User Data Isolation &gt; should allow owner access" time="0.000325733">
        </testcase>
        <testcase classname="tests/integration/supabase.test.ts" name="Row-Level Security (RLS) Policies &gt; Admin Bypass &gt; should allow admin to bypass RLS" time="0.000272494">
        </testcase>
        <testcase classname="tests/integration/supabase.test.ts" name="Row-Level Security (RLS) Policies &gt; Admin Bypass &gt; should use authenticator role for admin operations" time="0.000239885">
        </testcase>
        <testcase classname="tests/integration/supabase.test.ts" name="Database Transactions &gt; Atomic Operations &gt; should handle multi-table deletions" time="0.000386207">
        </testcase>
        <testcase classname="tests/integration/supabase.test.ts" name="Database Transactions &gt; Atomic Operations &gt; should rollback on error" time="0.00026105">
        </testcase>
        <testcase classname="tests/integration/supabase.test.ts" name="Database Transactions &gt; Atomic Operations &gt; should commit on success" time="0.000306181">
        </testcase>
        <testcase classname="tests/integration/supabase.test.ts" name="Error Handling &gt; Database Errors &gt; should handle connection errors" time="0.000354573">
        </testcase>
        <testcase classname="tests/integration/supabase.test.ts" name="Error Handling &gt; Database Errors &gt; should handle constraint violations" time="0.000242621">
        </testcase>
        <testcase classname="tests/integration/supabase.test.ts" name="Error Handling &gt; Database Errors &gt; should handle RLS policy violations" time="0.000226529">
        </testcase>
        <testcase classname="tests/integration/supabase.test.ts" name="Error Handling &gt; Error Recovery &gt; should retry on network error" time="0.000250592">
        </testcase>
        <testcase classname="tests/integration/supabase.test.ts" name="Error Handling &gt; Error Recovery &gt; should provide meaningful error messages" time="0.000233863">
        </testcase>
    </testsuite>
    <testsuite name="tests/functional/LoginForm.functional.test.ts" timestamp="2026-02-10T00:52:02.222Z" hostname="nybook" tests="1" failures="0" errors="0" skipped="0" time="0.01245048">
        <testcase classname="tests/functional/LoginForm.functional.test.ts" name="LoginForm.vue (functional test) &gt; permet à l’utilisateur de saisir ses identifiants et d’envoyer le formulaire" time="0.012269093">
        </testcase>
    </testsuite>
    <testsuite name="tests/functional/audio-playback-flow.test.ts" timestamp="2026-02-10T00:52:02.223Z" hostname="nybook" tests="33" failures="0" errors="0" skipped="0" time="0.012498463">
        <testcase classname="tests/functional/audio-playback-flow.test.ts" name="Audio Playback Flow (Functional) &gt; Single Audio Playback Enforcement &gt; should stop previous audio when starting new track" time="0.001053904">
        </testcase>
        <testcase classname="tests/functional/audio-playback-flow.test.ts" name="Audio Playback Flow (Functional) &gt; Single Audio Playback Enforcement &gt; should not allow multiple audio tracks to play simultaneously" time="0.000405271">
        </testcase>
        <testcase classname="tests/functional/audio-playback-flow.test.ts" name="Audio Playback Flow (Functional) &gt; Single Audio Playback Enforcement &gt; should clear audio source when switching tracks" time="0.000348486">
        </testcase>
        <testcase classname="tests/functional/audio-playback-flow.test.ts" name="Audio Playback Flow (Functional) &gt; Single Audio Playback Enforcement &gt; should work across music, radio, and podcast pages" time="0.000450553">
        </testcase>
        <testcase classname="tests/functional/audio-playback-flow.test.ts" name="Audio Playback Flow (Functional) &gt; Music Playback &gt; should load music metadata" time="0.000471273">
        </testcase>
        <testcase classname="tests/functional/audio-playback-flow.test.ts" name="Audio Playback Flow (Functional) &gt; Music Playback &gt; should play music on selection" time="0.000393067">
        </testcase>
        <testcase classname="tests/functional/audio-playback-flow.test.ts" name="Audio Playback Flow (Functional) &gt; Music Playback &gt; should display music controls" time="0.000509598">
        </testcase>
        <testcase classname="tests/functional/audio-playback-flow.test.ts" name="Audio Playback Flow (Functional) &gt; Music Playback &gt; should handle next track" time="0.000458978">
        </testcase>
        <testcase classname="tests/functional/audio-playback-flow.test.ts" name="Audio Playback Flow (Functional) &gt; Music Playback &gt; should handle previous track" time="0.000359859">
        </testcase>
        <testcase classname="tests/functional/audio-playback-flow.test.ts" name="Audio Playback Flow (Functional) &gt; Radio Playback &gt; should load radio stream metadata" time="0.000360805">
        </testcase>
        <testcase classname="tests/functional/audio-playback-flow.test.ts" name="Audio Playback Flow (Functional) &gt; Radio Playback &gt; should maintain stream connection" time="0.000296432">
        </testcase>
        <testcase classname="tests/functional/audio-playback-flow.test.ts" name="Audio Playback Flow (Functional) &gt; Radio Playback &gt; should handle stream interruptions" time="0.000291775">
        </testcase>
        <testcase classname="tests/functional/audio-playback-flow.test.ts" name="Audio Playback Flow (Functional) &gt; Radio Playback &gt; should save radio favorites" time="0.000306969">
        </testcase>
        <testcase classname="tests/functional/audio-playback-flow.test.ts" name="Audio Playback Flow (Functional) &gt; Podcast Playback &gt; should load podcast episode metadata" time="0.00037486">
        </testcase>
        <testcase classname="tests/functional/audio-playback-flow.test.ts" name="Audio Playback Flow (Functional) &gt; Podcast Playback &gt; should support podcast subscriptions" time="0.000313681">
        </testcase>
        <testcase classname="tests/functional/audio-playback-flow.test.ts" name="Audio Playback Flow (Functional) &gt; Podcast Playback &gt; should track listening progress" time="0.0004415">
        </testcase>
        <testcase classname="tests/functional/audio-playback-flow.test.ts" name="Audio Playback Flow (Functional) &gt; Podcast Playback &gt; should resume from saved progress" time="0.00032227">
        </testcase>
        <testcase classname="tests/functional/audio-playback-flow.test.ts" name="Audio Playback Flow (Functional) &gt; Shuffle and Repeat Control &gt; should enable shuffle mode" time="0.000286408">
        </testcase>
        <testcase classname="tests/functional/audio-playback-flow.test.ts" name="Audio Playback Flow (Functional) &gt; Shuffle and Repeat Control &gt; should disable shuffle mode" time="0.000254002">
        </testcase>
        <testcase classname="tests/functional/audio-playback-flow.test.ts" name="Audio Playback Flow (Functional) &gt; Shuffle and Repeat Control &gt; should support repeat off" time="0.000266495">
        </testcase>
        <testcase classname="tests/functional/audio-playback-flow.test.ts" name="Audio Playback Flow (Functional) &gt; Shuffle and Repeat Control &gt; should support repeat all" time="0.000267154">
        </testcase>
        <testcase classname="tests/functional/audio-playback-flow.test.ts" name="Audio Playback Flow (Functional) &gt; Shuffle and Repeat Control &gt; should support repeat one" time="0.000248486">
        </testcase>
        <testcase classname="tests/functional/audio-playback-flow.test.ts" name="Audio Playback Flow (Functional) &gt; Shuffle and Repeat Control &gt; should loop back to first track on repeat all" time="0.000236357">
        </testcase>
        <testcase classname="tests/functional/audio-playback-flow.test.ts" name="Audio Playback Flow (Functional) &gt; Volume Control &gt; should adjust volume level" time="0.000276864">
        </testcase>
        <testcase classname="tests/functional/audio-playback-flow.test.ts" name="Audio Playback Flow (Functional) &gt; Volume Control &gt; should mute audio" time="0.00029502">
        </testcase>
        <testcase classname="tests/functional/audio-playback-flow.test.ts" name="Audio Playback Flow (Functional) &gt; Volume Control &gt; should unmute audio" time="0.000256615">
        </testcase>
        <testcase classname="tests/functional/audio-playback-flow.test.ts" name="Audio Playback Flow (Functional) &gt; Volume Control &gt; should keep volume between 0 and 1" time="0.000291037">
        </testcase>
        <testcase classname="tests/functional/audio-playback-flow.test.ts" name="Audio Playback Flow (Functional) &gt; Audio Progress Tracking &gt; should track playback position" time="0.000389108">
        </testcase>
        <testcase classname="tests/functional/audio-playback-flow.test.ts" name="Audio Playback Flow (Functional) &gt; Audio Progress Tracking &gt; should save listening history" time="0.000348466">
        </testcase>
        <testcase classname="tests/functional/audio-playback-flow.test.ts" name="Audio Playback Flow (Functional) &gt; Audio Progress Tracking &gt; should support bookmarks in long content" time="0.000289802">
        </testcase>
        <testcase classname="tests/functional/audio-playback-flow.test.ts" name="Audio Playback Flow (Functional) &gt; Playback Error Handling &gt; should handle network errors" time="0.000282541">
        </testcase>
        <testcase classname="tests/functional/audio-playback-flow.test.ts" name="Audio Playback Flow (Functional) &gt; Playback Error Handling &gt; should handle unsupported audio formats" time="0.000267016">
        </testcase>
        <testcase classname="tests/functional/audio-playback-flow.test.ts" name="Audio Playback Flow (Functional) &gt; Playback Error Handling &gt; should retry failed playback" time="0.000258703">
        </testcase>
    </testsuite>
    <testsuite name="tests/functional/authentication-flow.test.ts" timestamp="2026-02-10T00:52:02.227Z" hostname="nybook" tests="25" failures="0" errors="0" skipped="0" time="0.01072202">
        <testcase classname="tests/functional/authentication-flow.test.ts" name="Authentication Flow (Functional) &gt; Sign Up Process &gt; should validate email format" time="0.001061049">
        </testcase>
        <testcase classname="tests/functional/authentication-flow.test.ts" name="Authentication Flow (Functional) &gt; Sign Up Process &gt; should validate password requirements" time="0.00082342">
        </testcase>
        <testcase classname="tests/functional/authentication-flow.test.ts" name="Authentication Flow (Functional) &gt; Sign Up Process &gt; should reject weak passwords" time="0.000559236">
        </testcase>
        <testcase classname="tests/functional/authentication-flow.test.ts" name="Authentication Flow (Functional) &gt; Sign Up Process &gt; should handle email already in use error" time="0.000440964">
        </testcase>
        <testcase classname="tests/functional/authentication-flow.test.ts" name="Authentication Flow (Functional) &gt; Sign Up Process &gt; should handle invalid email format error" time="0.000394721">
        </testcase>
        <testcase classname="tests/functional/authentication-flow.test.ts" name="Authentication Flow (Functional) &gt; Login Process &gt; should validate email and password on login" time="0.000429057">
        </testcase>
        <testcase classname="tests/functional/authentication-flow.test.ts" name="Authentication Flow (Functional) &gt; Login Process &gt; should handle invalid credentials error" time="0.000367013">
        </testcase>
        <testcase classname="tests/functional/authentication-flow.test.ts" name="Authentication Flow (Functional) &gt; Login Process &gt; should handle user not found error" time="0.000379399">
        </testcase>
        <testcase classname="tests/functional/authentication-flow.test.ts" name="Authentication Flow (Functional) &gt; Login Process &gt; should store auth token on successful login" time="0.000364158">
        </testcase>
        <testcase classname="tests/functional/authentication-flow.test.ts" name="Authentication Flow (Functional) &gt; Login Process &gt; should set session after successful login" time="0.000506629">
        </testcase>
        <testcase classname="tests/functional/authentication-flow.test.ts" name="Authentication Flow (Functional) &gt; Google OAuth Flow &gt; should redirect to Google OAuth URL" time="0.000333587">
        </testcase>
        <testcase classname="tests/functional/authentication-flow.test.ts" name="Authentication Flow (Functional) &gt; Google OAuth Flow &gt; should handle OAuth callback with code" time="0.000339147">
        </testcase>
        <testcase classname="tests/functional/authentication-flow.test.ts" name="Authentication Flow (Functional) &gt; Google OAuth Flow &gt; should exchange OAuth code for token" time="0.000297705">
        </testcase>
        <testcase classname="tests/functional/authentication-flow.test.ts" name="Authentication Flow (Functional) &gt; Google OAuth Flow &gt; should handle OAuth redirect back to app" time="0.000561946">
        </testcase>
        <testcase classname="tests/functional/authentication-flow.test.ts" name="Authentication Flow (Functional) &gt; Google OAuth Flow &gt; should handle OAuth errors gracefully" time="0.000325128">
        </testcase>
        <testcase classname="tests/functional/authentication-flow.test.ts" name="Authentication Flow (Functional) &gt; Session Management &gt; should refresh token before expiration" time="0.000318762">
        </testcase>
        <testcase classname="tests/functional/authentication-flow.test.ts" name="Authentication Flow (Functional) &gt; Session Management &gt; should handle token refresh on page load" time="0.000274679">
        </testcase>
        <testcase classname="tests/functional/authentication-flow.test.ts" name="Authentication Flow (Functional) &gt; Session Management &gt; should clear session on logout" time="0.000287044">
        </testcase>
        <testcase classname="tests/functional/authentication-flow.test.ts" name="Authentication Flow (Functional) &gt; Logout Process &gt; should clear stored tokens" time="0.000261962">
        </testcase>
        <testcase classname="tests/functional/authentication-flow.test.ts" name="Authentication Flow (Functional) &gt; Logout Process &gt; should clear user profile" time="0.000257771">
        </testcase>
        <testcase classname="tests/functional/authentication-flow.test.ts" name="Authentication Flow (Functional) &gt; Logout Process &gt; should redirect to login page" time="0.000266906">
        </testcase>
        <testcase classname="tests/functional/authentication-flow.test.ts" name="Authentication Flow (Functional) &gt; Password Reset Flow &gt; should send reset link to email" time="0.000291293">
        </testcase>
        <testcase classname="tests/functional/authentication-flow.test.ts" name="Authentication Flow (Functional) &gt; Password Reset Flow &gt; should validate reset token" time="0.000264461">
        </testcase>
        <testcase classname="tests/functional/authentication-flow.test.ts" name="Authentication Flow (Functional) &gt; Password Reset Flow &gt; should update password with valid token" time="0.000263888">
        </testcase>
        <testcase classname="tests/functional/authentication-flow.test.ts" name="Authentication Flow (Functional) &gt; Password Reset Flow &gt; should handle expired reset token" time="0.00028298">
        </testcase>
    </testsuite>
    <testsuite name="tests/functional/complete-workflows.test.ts" timestamp="2026-02-10T00:52:02.231Z" hostname="nybook" tests="58" failures="0" errors="0" skipped="0" time="0.016098789">
        <testcase classname="tests/functional/complete-workflows.test.ts" name="Complete User Workflows &gt; New User Signup to First Playback &gt; should complete signup process" time="0.000644722">
        </testcase>
        <testcase classname="tests/functional/complete-workflows.test.ts" name="Complete User Workflows &gt; New User Signup to First Playback &gt; should allow user to login after signup" time="0.000395775">
        </testcase>
        <testcase classname="tests/functional/complete-workflows.test.ts" name="Complete User Workflows &gt; New User Signup to First Playback &gt; should create user profile on first login" time="0.000291306">
        </testcase>
        <testcase classname="tests/functional/complete-workflows.test.ts" name="Complete User Workflows &gt; New User Signup to First Playback &gt; should allow upload of first music file" time="0.000300461">
        </testcase>
        <testcase classname="tests/functional/complete-workflows.test.ts" name="Complete User Workflows &gt; New User Signup to First Playback &gt; should play first music track successfully" time="0.000286463">
        </testcase>
        <testcase classname="tests/functional/complete-workflows.test.ts" name="Complete User Workflows &gt; Music Library Management Workflow &gt; should bulk upload music files" time="0.00028567">
        </testcase>
        <testcase classname="tests/functional/complete-workflows.test.ts" name="Complete User Workflows &gt; Music Library Management Workflow &gt; should organize into playlists" time="0.000309915">
        </testcase>
        <testcase classname="tests/functional/complete-workflows.test.ts" name="Complete User Workflows &gt; Music Library Management Workflow &gt; should enable shuffle playback" time="0.000265495">
        </testcase>
        <testcase classname="tests/functional/complete-workflows.test.ts" name="Complete User Workflows &gt; Music Library Management Workflow &gt; should enable repeat modes" time="0.000437667">
        </testcase>
        <testcase classname="tests/functional/complete-workflows.test.ts" name="Complete User Workflows &gt; Music Library Management Workflow &gt; should track listening history" time="0.000324333">
        </testcase>
        <testcase classname="tests/functional/complete-workflows.test.ts" name="Complete User Workflows &gt; Video Watching Workflow &gt; should upload video file" time="0.00028634">
        </testcase>
        <testcase classname="tests/functional/complete-workflows.test.ts" name="Complete User Workflows &gt; Video Watching Workflow &gt; should track watch progress" time="0.000347226">
        </testcase>
        <testcase classname="tests/functional/complete-workflows.test.ts" name="Complete User Workflows &gt; Video Watching Workflow &gt; should resume from saved progress" time="0.000270517">
        </testcase>
        <testcase classname="tests/functional/complete-workflows.test.ts" name="Complete User Workflows &gt; Video Watching Workflow &gt; should use picture-in-picture" time="0.000242126">
        </testcase>
        <testcase classname="tests/functional/complete-workflows.test.ts" name="Complete User Workflows &gt; Video Watching Workflow &gt; should rate video after watching" time="0.000362809">
        </testcase>
        <testcase classname="tests/functional/complete-workflows.test.ts" name="Complete User Workflows &gt; Video Watching Workflow &gt; should add video to playlist" time="0.000336016">
        </testcase>
        <testcase classname="tests/functional/complete-workflows.test.ts" name="Complete User Workflows &gt; Podcast Subscription Workflow &gt; should search for podcasts" time="0.000274942">
        </testcase>
        <testcase classname="tests/functional/complete-workflows.test.ts" name="Complete User Workflows &gt; Podcast Subscription Workflow &gt; should subscribe to podcast" time="0.000246343">
        </testcase>
        <testcase classname="tests/functional/complete-workflows.test.ts" name="Complete User Workflows &gt; Podcast Subscription Workflow &gt; should fetch new episodes" time="0.000235888">
        </testcase>
        <testcase classname="tests/functional/complete-workflows.test.ts" name="Complete User Workflows &gt; Podcast Subscription Workflow &gt; should sync playback progress" time="0.000269337">
        </testcase>
        <testcase classname="tests/functional/complete-workflows.test.ts" name="Complete User Workflows &gt; Podcast Subscription Workflow &gt; should mark episodes as listened" time="0.000269148">
        </testcase>
        <testcase classname="tests/functional/complete-workflows.test.ts" name="Complete User Workflows &gt; Podcast Subscription Workflow &gt; should unsubscribe from podcast" time="0.000195426">
        </testcase>
        <testcase classname="tests/functional/complete-workflows.test.ts" name="Complete User Workflows &gt; Photo Gallery Workflow &gt; should upload photos" time="0.000238997">
        </testcase>
        <testcase classname="tests/functional/complete-workflows.test.ts" name="Complete User Workflows &gt; Photo Gallery Workflow &gt; should create albums" time="0.000230667">
        </testcase>
        <testcase classname="tests/functional/complete-workflows.test.ts" name="Complete User Workflows &gt; Photo Gallery Workflow &gt; should organize photos by date" time="0.00021005">
        </testcase>
        <testcase classname="tests/functional/complete-workflows.test.ts" name="Complete User Workflows &gt; Photo Gallery Workflow &gt; should tag photos" time="0.000194846">
        </testcase>
        <testcase classname="tests/functional/complete-workflows.test.ts" name="Complete User Workflows &gt; Photo Gallery Workflow &gt; should share photo albums" time="0.000206485">
        </testcase>
        <testcase classname="tests/functional/complete-workflows.test.ts" name="Complete User Workflows &gt; Radio Listening Workflow &gt; should browse radio stations" time="0.000256691">
        </testcase>
        <testcase classname="tests/functional/complete-workflows.test.ts" name="Complete User Workflows &gt; Radio Listening Workflow &gt; should tune into station" time="0.000223163">
        </testcase>
        <testcase classname="tests/functional/complete-workflows.test.ts" name="Complete User Workflows &gt; Radio Listening Workflow &gt; should save favorite stations" time="0.000214562">
        </testcase>
        <testcase classname="tests/functional/complete-workflows.test.ts" name="Complete User Workflows &gt; Radio Listening Workflow &gt; should show station metadata" time="0.000202207">
        </testcase>
        <testcase classname="tests/functional/complete-workflows.test.ts" name="Complete User Workflows &gt; Account Settings Management Workflow &gt; should access settings page" time="0.000236688">
        </testcase>
        <testcase classname="tests/functional/complete-workflows.test.ts" name="Complete User Workflows &gt; Account Settings Management Workflow &gt; should change theme" time="0.000253105">
        </testcase>
        <testcase classname="tests/functional/complete-workflows.test.ts" name="Complete User Workflows &gt; Account Settings Management Workflow &gt; should change language" time="0.000194885">
        </testcase>
        <testcase classname="tests/functional/complete-workflows.test.ts" name="Complete User Workflows &gt; Account Settings Management Workflow &gt; should update profile info" time="0.000191785">
        </testcase>
        <testcase classname="tests/functional/complete-workflows.test.ts" name="Complete User Workflows &gt; Account Settings Management Workflow &gt; should access delete account modal" time="0.000203044">
        </testcase>
        <testcase classname="tests/functional/complete-workflows.test.ts" name="Complete User Workflows &gt; Account Settings Management Workflow &gt; should confirm account deletion" time="0.000231472">
        </testcase>
        <testcase classname="tests/functional/complete-workflows.test.ts" name="Complete User Workflows &gt; Account Settings Management Workflow &gt; should delete all user data" time="0.000184843">
        </testcase>
        <testcase classname="tests/functional/complete-workflows.test.ts" name="Complete User Workflows &gt; Account Settings Management Workflow &gt; should redirect to login after deletion" time="0.00018688">
        </testcase>
        <testcase classname="tests/functional/complete-workflows.test.ts" name="Complete User Workflows &gt; OAuth Integration Workflow &gt; should visit login page" time="0.000244818">
        </testcase>
        <testcase classname="tests/functional/complete-workflows.test.ts" name="Complete User Workflows &gt; OAuth Integration Workflow &gt; should click Google login button" time="0.000237957">
        </testcase>
        <testcase classname="tests/functional/complete-workflows.test.ts" name="Complete User Workflows &gt; OAuth Integration Workflow &gt; should redirect to Google OAuth" time="0.00023144">
        </testcase>
        <testcase classname="tests/functional/complete-workflows.test.ts" name="Complete User Workflows &gt; OAuth Integration Workflow &gt; should handle Google OAuth callback" time="0.000199585">
        </testcase>
        <testcase classname="tests/functional/complete-workflows.test.ts" name="Complete User Workflows &gt; OAuth Integration Workflow &gt; should redirect to app after OAuth" time="0.000256913">
        </testcase>
        <testcase classname="tests/functional/complete-workflows.test.ts" name="Complete User Workflows &gt; OAuth Integration Workflow &gt; should create user profile from OAuth data" time="0.000230303">
        </testcase>
        <testcase classname="tests/functional/complete-workflows.test.ts" name="Complete User Workflows &gt; Cross-Page Audio Continuity &gt; should maintain playback on music page" time="0.000185717">
        </testcase>
        <testcase classname="tests/functional/complete-workflows.test.ts" name="Complete User Workflows &gt; Cross-Page Audio Continuity &gt; should stop playback when switching to radio" time="0.000183217">
        </testcase>
        <testcase classname="tests/functional/complete-workflows.test.ts" name="Complete User Workflows &gt; Cross-Page Audio Continuity &gt; should prevent multiple simultaneous playback" time="0.00019348">
        </testcase>
        <testcase classname="tests/functional/complete-workflows.test.ts" name="Complete User Workflows &gt; Cross-Page Audio Continuity &gt; should clean up previous track state" time="0.00022545">
        </testcase>
        <testcase classname="tests/functional/complete-workflows.test.ts" name="Complete User Workflows &gt; Offline Mode Handling &gt; should detect network offline" time="0.000178013">
        </testcase>
        <testcase classname="tests/functional/complete-workflows.test.ts" name="Complete User Workflows &gt; Offline Mode Handling &gt; should show offline message" time="0.00017667">
        </testcase>
        <testcase classname="tests/functional/complete-workflows.test.ts" name="Complete User Workflows &gt; Offline Mode Handling &gt; should allow local content access" time="0.000201642">
        </testcase>
        <testcase classname="tests/functional/complete-workflows.test.ts" name="Complete User Workflows &gt; Offline Mode Handling &gt; should queue operations for sync" time="0.000221675">
        </testcase>
        <testcase classname="tests/functional/complete-workflows.test.ts" name="Complete User Workflows &gt; Offline Mode Handling &gt; should sync when connection restored" time="0.000181792">
        </testcase>
        <testcase classname="tests/functional/complete-workflows.test.ts" name="Complete User Workflows &gt; Performance Monitoring &gt; should track page load time" time="0.000174479">
        </testcase>
        <testcase classname="tests/functional/complete-workflows.test.ts" name="Complete User Workflows &gt; Performance Monitoring &gt; should track music file fetch time" time="0.000172741">
        </testcase>
        <testcase classname="tests/functional/complete-workflows.test.ts" name="Complete User Workflows &gt; Performance Monitoring &gt; should monitor memory usage" time="0.000198553">
        </testcase>
        <testcase classname="tests/functional/complete-workflows.test.ts" name="Complete User Workflows &gt; Performance Monitoring &gt; should log performance metrics" time="0.000252798">
        </testcase>
    </testsuite>
    <testsuite name="tests/functional/video-playback-flow.test.ts" timestamp="2026-02-10T00:52:02.238Z" hostname="nybook" tests="24" failures="0" errors="0" skipped="0" time="0.014721973">
        <testcase classname="tests/functional/video-playback-flow.test.ts" name="Video Playback Flow (Functional) &gt; Video Selection and Playback &gt; should load video metadata on selection" time="0.001236037">
        </testcase>
        <testcase classname="tests/functional/video-playback-flow.test.ts" name="Video Playback Flow (Functional) &gt; Video Selection and Playback &gt; should start video playback" time="0.000864862">
        </testcase>
        <testcase classname="tests/functional/video-playback-flow.test.ts" name="Video Playback Flow (Functional) &gt; Video Selection and Playback &gt; should display video controls" time="0.000897049">
        </testcase>
        <testcase classname="tests/functional/video-playback-flow.test.ts" name="Video Playback Flow (Functional) &gt; Video Selection and Playback &gt; should handle video loading state" time="0.000772872">
        </testcase>
        <testcase classname="tests/functional/video-playback-flow.test.ts" name="Video Playback Flow (Functional) &gt; Picture-in-Picture (PiP) &gt; should enter PiP mode" time="0.000807846">
        </testcase>
        <testcase classname="tests/functional/video-playback-flow.test.ts" name="Video Playback Flow (Functional) &gt; Picture-in-Picture (PiP) &gt; should pause video before exiting PiP" time="0.00065553">
        </testcase>
        <testcase classname="tests/functional/video-playback-flow.test.ts" name="Video Playback Flow (Functional) &gt; Picture-in-Picture (PiP) &gt; should close PiP when new video selected" time="0.000692152">
        </testcase>
        <testcase classname="tests/functional/video-playback-flow.test.ts" name="Video Playback Flow (Functional) &gt; Picture-in-Picture (PiP) &gt; should not allow audio to bleed when switching videos" time="0.000605036">
        </testcase>
        <testcase classname="tests/functional/video-playback-flow.test.ts" name="Video Playback Flow (Functional) &gt; Picture-in-Picture (PiP) &gt; should maintain PiP window if clicking same video" time="0.000547106">
        </testcase>
        <testcase classname="tests/functional/video-playback-flow.test.ts" name="Video Playback Flow (Functional) &gt; Video Progress Tracking &gt; should track video progress" time="0.000616604">
        </testcase>
        <testcase classname="tests/functional/video-playback-flow.test.ts" name="Video Playback Flow (Functional) &gt; Video Progress Tracking &gt; should save progress to database" time="0.000555943">
        </testcase>
        <testcase classname="tests/functional/video-playback-flow.test.ts" name="Video Playback Flow (Functional) &gt; Video Progress Tracking &gt; should resume from saved progress" time="0.000459367">
        </testcase>
        <testcase classname="tests/functional/video-playback-flow.test.ts" name="Video Playback Flow (Functional) &gt; Video Progress Tracking &gt; should mark video as watched when progress &gt; 90%" time="0.000419164">
        </testcase>
[...]
        </testcase>
        <testcase classname="tests/unit/composables/useAdvanced.test.ts" name="useTmdbLanguage &gt; Language-Specific Content &gt; should fetch content in selected language" time="0.000181678">
        </testcase>
        <testcase classname="tests/unit/composables/useAdvanced.test.ts" name="useTmdbLanguage &gt; Language-Specific Content &gt; should handle missing translations" time="0.000155682">
        </testcase>
    </testsuite>
    <testsuite name="tests/unit/composables/useAuth.test.ts" timestamp="2026-02-10T00:52:02.248Z" hostname="nybook" tests="6" failures="0" errors="0" skipped="0" time="0.004311998">
        <testcase classname="tests/unit/composables/useAuth.test.ts" name="useAuth &gt; Auth State &gt; should initialize auth state as null" time="0.00107307">
        </testcase>
        <testcase classname="tests/unit/composables/useAuth.test.ts" name="useAuth &gt; Auth State &gt; should track loading state" time="0.000714401">
        </testcase>
        <testcase classname="tests/unit/composables/useAuth.test.ts" name="useAuth &gt; Auth State &gt; should track initialized state" time="0.000482428">
        </testcase>
        <testcase classname="tests/unit/composables/useAuth.test.ts" name="useAuth &gt; isAuthenticated &gt; should return false when user is null" time="0.000439605">
        </testcase>
        <testcase classname="tests/unit/composables/useAuth.test.ts" name="useAuth &gt; isAuthenticated &gt; should return true when user exists" time="0.000457484">
        </testcase>
        <testcase classname="tests/unit/composables/useAuth.test.ts" name="useAuth &gt; Session Refresh &gt; should handle token refresh" time="0.000626543">
        </testcase>
    </testsuite>
    <testsuite name="tests/unit/composables/useCloud.test.ts" timestamp="2026-02-10T00:52:02.249Z" hostname="nybook" tests="42" failures="0" errors="0" skipped="0" time="0.014608027">
        <testcase classname="tests/unit/composables/useCloud.test.ts" name="useSupabase &gt; Connection Management &gt; should create Supabase client" time="0.001011966">
        </testcase>
        <testcase classname="tests/unit/composables/useCloud.test.ts" name="useSupabase &gt; Connection Management &gt; should have auth module" time="0.00057047">
        </testcase>
        <testcase classname="tests/unit/composables/useCloud.test.ts" name="useSupabase &gt; Connection Management &gt; should have database access" time="0.000436247">
        </testcase>
        <testcase classname="tests/unit/composables/useCloud.test.ts" name="useSupabase &gt; Authentication Operations &gt; should get current session" time="0.000536469">
        </testcase>
        <testcase classname="tests/unit/composables/useCloud.test.ts" name="useSupabase &gt; Authentication Operations &gt; should listen to auth state changes" time="0.000467117">
        </testcase>
        <testcase classname="tests/unit/composables/useCloud.test.ts" name="useSupabase &gt; Authentication Operations &gt; should get current user" time="0.000464448">
        </testcase>
        <testcase classname="tests/unit/composables/useCloud.test.ts" name="useSupabase &gt; CRUD Operations &gt; should insert data" time="0.000982144">
        </testcase>
        <testcase classname="tests/unit/composables/useCloud.test.ts" name="useSupabase &gt; CRUD Operations &gt; should update data" time="0.000606564">
        </testcase>
        <testcase classname="tests/unit/composables/useCloud.test.ts" name="useSupabase &gt; CRUD Operations &gt; should delete data" time="0.000512134">
        </testcase>
        <testcase classname="tests/unit/composables/useCloud.test.ts" name="useSupabase &gt; CRUD Operations &gt; should select data" time="0.000519237">
        </testcase>
        <testcase classname="tests/unit/composables/useCloud.test.ts" name="useCloudMusic &gt; Cloud Music Upload &gt; should upload music to cloud" time="0.000359117">
        </testcase>
        <testcase classname="tests/unit/composables/useCloud.test.ts" name="useCloudMusic &gt; Cloud Music Upload &gt; should validate cloud music file" time="0.000342825">
        </testcase>
        <testcase classname="tests/unit/composables/useCloud.test.ts" name="useCloudMusic &gt; Cloud Music Upload &gt; should handle upload errors" time="0.000245458">
        </testcase>
        <testcase classname="tests/unit/composables/useCloud.test.ts" name="useCloudMusic &gt; Cloud Music Access &gt; should list cloud music files" time="0.000235189">
        </testcase>
        <testcase classname="tests/unit/composables/useCloud.test.ts" name="useCloudMusic &gt; Cloud Music Access &gt; should download cloud music" time="0.000200448">
        </testcase>
        <testcase classname="tests/unit/composables/useCloud.test.ts" name="useCloudMusic &gt; Cloud Music Access &gt; should delete cloud music" time="0.000201378">
        </testcase>
        <testcase classname="tests/unit/composables/useCloud.test.ts" name="useCloudMusic &gt; Cloud Music Streaming &gt; should stream cloud music" time="0.000203273">
        </testcase>
        <testcase classname="tests/unit/composables/useCloud.test.ts" name="useCloudMusic &gt; Cloud Music Streaming &gt; should provide stream metadata" time="0.000208966">
        </testcase>
        <testcase classname="tests/unit/composables/useCloud.test.ts" name="useCloudVideos &gt; Cloud Video Upload &gt; should upload video to cloud" time="0.000237366">
        </testcase>
        <testcase classname="tests/unit/composables/useCloud.test.ts" name="useCloudVideos &gt; Cloud Video Upload &gt; should track video processing" time="0.000258294">
        </testcase>
        <testcase classname="tests/unit/composables/useCloud.test.ts" name="useCloudVideos &gt; Cloud Video Upload &gt; should use multi-part upload for large files" time="0.000209206">
        </testcase>
        <testcase classname="tests/unit/composables/useCloud.test.ts" name="useCloudVideos &gt; Cloud Video Playback &gt; should generate streaming URL" time="0.00017866">
        </testcase>
        <testcase classname="tests/unit/composables/useCloud.test.ts" name="useCloudVideos &gt; Cloud Video Playback &gt; should support adaptive bitrate" time="0.000171018">
        </testcase>
        <testcase classname="tests/unit/composables/useCloud.test.ts" name="useCloudVideos &gt; Cloud Video Playback &gt; should provide video quality options" time="0.000223271">
        </testcase>
        <testcase classname="tests/unit/composables/useCloud.test.ts" name="useCloudVideos &gt; Cloud Video Processing &gt; should extract video thumbnails" time="0.000212763">
        </testcase>
        <testcase classname="tests/unit/composables/useCloud.test.ts" name="useCloudVideos &gt; Cloud Video Processing &gt; should generate video preview" time="0.000165608">
        </testcase>
        <testcase classname="tests/unit/composables/useCloud.test.ts" name="useCloudVideos &gt; Cloud Video Processing &gt; should optimize video dimensions" time="0.000176713">
        </testcase>
        <testcase classname="tests/unit/composables/useCloud.test.ts" name="useCloudPhotos &gt; Photo Upload &gt; should upload photos to cloud" time="0.000216605">
        </testcase>
        <testcase classname="tests/unit/composables/useCloud.test.ts" name="useCloudPhotos &gt; Photo Upload &gt; should support batch photo upload" time="0.000201466">
        </testcase>
        <testcase classname="tests/unit/composables/useCloud.test.ts" name="useCloudPhotos &gt; Photo Upload &gt; should preserve photo metadata" time="0.000222472">
        </testcase>
        <testcase classname="tests/unit/composables/useCloud.test.ts" name="useCloudPhotos &gt; Photo Organization &gt; should create photo albums" time="0.000186427">
        </testcase>
        <testcase classname="tests/unit/composables/useCloud.test.ts" name="useCloudPhotos &gt; Photo Organization &gt; should tag photos" time="0.000244404">
        </testcase>
        <testcase classname="tests/unit/composables/useCloud.test.ts" name="useCloudPhotos &gt; Photo Organization &gt; should sort photos by date" time="0.000318255">
        </testcase>
        <testcase classname="tests/unit/composables/useCloud.test.ts" name="useCloudPhotos &gt; Photo Sharing &gt; should generate shareable links" time="0.000206954">
        </testcase>
        <testcase classname="tests/unit/composables/useCloud.test.ts" name="useCloudPhotos &gt; Photo Sharing &gt; should set share permissions" time="0.000239597">
        </testcase>
        <testcase classname="tests/unit/composables/useCloud.test.ts" name="useCloudPhotos &gt; Photo Sharing &gt; should handle public galleries" time="0.000203509">
        </testcase>
        <testcase classname="tests/unit/composables/useCloud.test.ts" name="useCloudPodcasts &gt; Podcast Subscriptions &gt; should subscribe to podcasts" time="0.000218639">
        </testcase>
        <testcase classname="tests/unit/composables/useCloud.test.ts" name="useCloudPodcasts &gt; Podcast Subscriptions &gt; should list subscribed podcasts" time="0.000187444">
        </testcase>
        <testcase classname="tests/unit/composables/useCloud.test.ts" name="useCloudPodcasts &gt; Podcast Subscriptions &gt; should unsubscribe from podcasts" time="0.000164656">
        </testcase>
        <testcase classname="tests/unit/composables/useCloud.test.ts" name="useCloudPodcasts &gt; Episode Management &gt; should fetch new episodes" time="0.000185929">
        </testcase>
        <testcase classname="tests/unit/composables/useCloud.test.ts" name="useCloudPodcasts &gt; Episode Management &gt; should mark episodes as listened" time="0.000185267">
        </testcase>
        <testcase classname="tests/unit/composables/useCloud.test.ts" name="useCloudPodcasts &gt; Episode Management &gt; should sync listening progress" time="0.000172845">
        </testcase>
    </testsuite>
    <testsuite name="tests/unit/composables/useMedia.test.ts" timestamp="2026-02-10T00:52:02.255Z" hostname="nybook" tests="37" failures="0" errors="0" skipped="0" time="0.022897373">
        <testcase classname="tests/unit/composables/useMedia.test.ts" name="useLocalMusic &gt; Music Loading &gt; should load local music files" time="0.000691363">
        </testcase>
        <testcase classname="tests/unit/composables/useMedia.test.ts" name="useLocalMusic &gt; Music Loading &gt; should extract music metadata" time="0.000426258">
        </testcase>
        <testcase classname="tests/unit/composables/useMedia.test.ts" name="useLocalMusic &gt; Music Loading &gt; should sort music by title" time="0.012563178">
        </testcase>
        <testcase classname="tests/unit/composables/useMedia.test.ts" name="useLocalMusic &gt; Music Loading &gt; should filter music by artist" time="0.000480993">
        </testcase>
        <testcase classname="tests/unit/composables/useMedia.test.ts" name="useLocalMusic &gt; Playlist Management &gt; should create new playlist" time="0.00028873">
        </testcase>
        <testcase classname="tests/unit/composables/useMedia.test.ts" name="useLocalMusic &gt; Playlist Management &gt; should add songs to playlist" time="0.000261599">
        </testcase>
        <testcase classname="tests/unit/composables/useMedia.test.ts" name="useLocalMusic &gt; Playlist Management &gt; should remove songs from playlist" time="0.000402099">
        </testcase>
        <testcase classname="tests/unit/composables/useMedia.test.ts" name="useLocalMusic &gt; Playlist Management &gt; should delete playlist" time="0.000283733">
        </testcase>
        <testcase classname="tests/unit/composables/useMedia.test.ts" name="useLocalMusic &gt; Music Search &gt; should search music by title" time="0.000276633">
        </testcase>
        <testcase classname="tests/unit/composables/useMedia.test.ts" name="useLocalMusic &gt; Music Search &gt; should search music by artist" time="0.000269786">
        </testcase>
        <testcase classname="tests/unit/composables/useMedia.test.ts" name="useLocalMusic &gt; Music Search &gt; should handle empty search results" time="0.000224919">
        </testcase>
        <testcase classname="tests/unit/composables/useMedia.test.ts" name="useSpotify &gt; Spotify Authentication &gt; should have Spotify OAuth URL" time="0.000271825">
        </testcase>
        <testcase classname="tests/unit/composables/useMedia.test.ts" name="useSpotify &gt; Spotify Authentication &gt; should handle Spotify auth code" time="0.000207768">
        </testcase>
        <testcase classname="tests/unit/composables/useMedia.test.ts" name="useSpotify &gt; Spotify Authentication &gt; should exchange auth code for token" time="0.000203297">
        </testcase>
        <testcase classname="tests/unit/composables/useMedia.test.ts" name="useSpotify &gt; Spotify API Integration &gt; should search Spotify tracks" time="0.000177953">
        </testcase>
        <testcase classname="tests/unit/composables/useMedia.test.ts" name="useSpotify &gt; Spotify API Integration &gt; should fetch user playlists" time="0.000188601">
        </testcase>
        <testcase classname="tests/unit/composables/useMedia.test.ts" name="useSpotify &gt; Spotify API Integration &gt; should get currently playing track" time="0.00018795">
        </testcase>
        <testcase classname="tests/unit/composables/useMedia.test.ts" name="useLocalVideos &gt; Video Loading &gt; should load local videos" time="0.000286819">
        </testcase>
        <testcase classname="tests/unit/composables/useMedia.test.ts" name="useLocalVideos &gt; Video Loading &gt; should extract video metadata" time="0.000268931">
        </testcase>
        <testcase classname="tests/unit/composables/useMedia.test.ts" name="useLocalVideos &gt; Video Loading &gt; should support common video formats" time="0.000310477">
        </testcase>
        <testcase classname="tests/unit/composables/useMedia.test.ts" name="useLocalVideos &gt; Video Sorting &gt; should sort videos by title" time="0.000297017">
        </testcase>
        <testcase classname="tests/unit/composables/useMedia.test.ts" name="useLocalVideos &gt; Video Sorting &gt; should sort videos by date" time="0.000236328">
        </testcase>
        <testcase classname="tests/unit/composables/useMedia.test.ts" name="useLocalVideos &gt; Video Sorting &gt; should sort videos by duration" time="0.000236407">
        </testcase>
        <testcase classname="tests/unit/composables/useMedia.test.ts" name="useLocalVideos &gt; Video Sorting &gt; should sort videos by size" time="0.00024191">
        </testcase>
        <testcase classname="tests/unit/composables/useMedia.test.ts" name="useLocalVideos &gt; Video Storage Management &gt; should calculate total storage used" time="0.000246233">
        </testcase>
        <testcase classname="tests/unit/composables/useMedia.test.ts" name="useLocalVideos &gt; Video Storage Management &gt; should identify large files" time="0.000210104">
        </testcase>
        <testcase classname="tests/unit/composables/useMedia.test.ts" name="useLocalVideos &gt; Video Storage Management &gt; should estimate storage warnings" time="0.000219369">
        </testcase>
        <testcase classname="tests/unit/composables/useMedia.test.ts" name="useVideoUpload &gt; File Upload Validation &gt; should validate video file size" time="0.000216632">
        </testcase>
        <testcase classname="tests/unit/composables/useMedia.test.ts" name="useVideoUpload &gt; File Upload Validation &gt; should reject oversized files" time="0.000186001">
        </testcase>
        <testcase classname="tests/unit/composables/useMedia.test.ts" name="useVideoUpload &gt; File Upload Validation &gt; should validate video format" time="0.000170794">
        </testcase>
        <testcase classname="tests/unit/composables/useMedia.test.ts" name="useVideoUpload &gt; File Upload Validation &gt; should reject unsupported formats" time="0.000169125">
        </testcase>
        <testcase classname="tests/unit/composables/useMedia.test.ts" name="useVideoUpload &gt; Upload Progress &gt; should track upload progress" time="0.000210456">
        </testcase>
        <testcase classname="tests/unit/composables/useMedia.test.ts" name="useVideoUpload &gt; Upload Progress &gt; should calculate upload speed" time="0.000175864">
        </testcase>
        <testcase classname="tests/unit/composables/useMedia.test.ts" name="useVideoUpload &gt; Upload Progress &gt; should estimate time remaining" time="0.000206304">
        </testcase>
        <testcase classname="tests/unit/composables/useMedia.test.ts" name="useVideoUpload &gt; Upload Errors &gt; should handle network errors" time="0.000183499">
        </testcase>
        <testcase classname="tests/unit/composables/useMedia.test.ts" name="useVideoUpload &gt; Upload Errors &gt; should handle server errors" time="0.000185364">
        </testcase>
        <testcase classname="tests/unit/composables/useMedia.test.ts" name="useVideoUpload &gt; Upload Errors &gt; should allow upload retry" time="0.000183112">
        </testcase>
    </testsuite>
    <testsuite name="tests/unit/composables/useTheme.test.ts" timestamp="2026-02-10T00:52:02.260Z" hostname="nybook" tests="6" failures="0" errors="0" skipped="0" time="0.005327742">
        <testcase classname="tests/unit/composables/useTheme.test.ts" name="useTheme &gt; Theme Initialization &gt; should have default colors" time="0.000870317">
        </testcase>
        <testcase classname="tests/unit/composables/useTheme.test.ts" name="useTheme &gt; Theme Initialization &gt; should have color classes mapped" time="0.000676112">
        </testcase>
        <testcase classname="tests/unit/composables/useTheme.test.ts" name="useTheme &gt; Color Updates &gt; should update colors" time="0.000690847">
        </testcase>
        <testcase classname="tests/unit/composables/useTheme.test.ts" name="useTheme &gt; Color Updates &gt; should update individual section colors" time="0.000956233">
        </testcase>
        <testcase classname="tests/unit/composables/useTheme.test.ts" name="useTheme &gt; Color Validation &gt; should only accept valid color values" time="0.001113507">
        </testcase>
        <testcase classname="tests/unit/composables/useTheme.test.ts" name="useTheme &gt; Theme Persistence &gt; should persist theme to localStorage" time="0.000475843">
        </testcase>
    </testsuite>
    <testsuite name="tests/unit/composables/useUserDataManagement.test.ts" timestamp="2026-02-10T00:52:02.261Z" hostname="nybook" tests="6" failures="0" errors="0" skipped="0" time="0.00550955">
        <testcase classname="tests/unit/composables/useUserDataManagement.test.ts" name="useUserDataManagement &gt; Data Deletion &gt; should provide deleteDataByCategory function" time="0.000795057">
        </testcase>
        <testcase classname="tests/unit/composables/useUserDataManagement.test.ts" name="useUserDataManagement &gt; Data Deletion &gt; should provide deleteAllUserData function" time="0.000566366">
        </testcase>
        <testcase classname="tests/unit/composables/useUserDataManagement.test.ts" name="useUserDataManagement &gt; Data Deletion &gt; should provide deleteAccount function" time="0.000521728">
        </testcase>
        <testcase classname="tests/unit/composables/useUserDataManagement.test.ts" name="useUserDataManagement &gt; Category Validation &gt; should accept valid categories" time="0.000907719">
        </testcase>
        <testcase classname="tests/unit/composables/useUserDataManagement.test.ts" name="useUserDataManagement &gt; IndexedDB Clearing &gt; should clear IndexedDB databases" time="0.000705122">
        </testcase>
        <testcase classname="tests/unit/composables/useUserDataManagement.test.ts" name="useUserDataManagement &gt; LocalStorage Clearing &gt; should clear localStorage" time="0.001534709">
        </testcase>
    </testsuite>
</testsuites>
